2021-01-16 11:58:19 startup archives install
2021-01-16 11:58:19 install base-passwd:amd64 <none> 3.5.46
2021-01-16 11:58:19 status half-installed base-passwd:amd64 3.5.46
2021-01-16 11:58:19 status unpacked base-passwd:amd64 3.5.46
2021-01-16 11:58:19 configure base-passwd:amd64 3.5.46 3.5.46
2021-01-16 11:58:19 status half-configured base-passwd:amd64 3.5.46
2021-01-16 11:58:19 status installed base-passwd:amd64 3.5.46
2021-01-16 11:58:19 startup archives install
2021-01-16 11:58:19 install base-files:amd64 <none> 10.3+deb10u7
2021-01-16 11:58:19 status half-installed base-files:amd64 10.3+deb10u7
2021-01-16 11:58:19 status unpacked base-files:amd64 10.3+deb10u7
2021-01-16 11:58:19 configure base-files:amd64 10.3+deb10u7 10.3+deb10u7
2021-01-16 11:58:19 status half-configured base-files:amd64 10.3+deb10u7
2021-01-16 11:58:20 status installed base-files:amd64 10.3+deb10u7
2021-01-16 11:58:20 startup archives install
2021-01-16 11:58:20 upgrade dpkg 1.19.7 1.19.7
2021-01-16 11:58:20 status half-configured dpkg 1.19.7
2021-01-16 11:58:20 status unpacked dpkg 1.19.7
2021-01-16 11:58:20 status half-installed dpkg 1.19.7
2021-01-16 11:58:20 status unpacked dpkg:amd64 1.19.7
2021-01-16 11:58:20 configure dpkg:amd64 1.19.7 1.19.7
2021-01-16 11:58:20 status half-configured dpkg:amd64 1.19.7
2021-01-16 11:58:20 status installed dpkg:amd64 1.19.7
2021-01-16 11:58:20 startup archives install
2021-01-16 11:58:20 install libc6:amd64 <none> 2.28-10
2021-01-16 11:58:20 status half-installed libc6:amd64 2.28-10
2021-01-16 11:58:21 status unpacked libc6:amd64 2.28-10
2021-01-16 11:58:21 configure libc6:amd64 2.28-10 2.28-10
2021-01-16 11:58:21 status half-configured libc6:amd64 2.28-10
2021-01-16 11:58:21 status installed libc6:amd64 2.28-10
2021-01-16 11:58:21 startup archives install
2021-01-16 11:58:21 install perl-base:amd64 <none> 5.28.1-6+deb10u1
2021-01-16 11:58:21 status half-installed perl-base:amd64 5.28.1-6+deb10u1
2021-01-16 11:58:22 status unpacked perl-base:amd64 5.28.1-6+deb10u1
2021-01-16 11:58:22 configure perl-base:amd64 5.28.1-6+deb10u1 5.28.1-6+deb10u1
2021-01-16 11:58:22 status half-configured perl-base:amd64 5.28.1-6+deb10u1
2021-01-16 11:58:22 status installed perl-base:amd64 5.28.1-6+deb10u1
2021-01-16 11:58:22 startup archives install
2021-01-16 11:58:22 install mawk:amd64 <none> 1.3.3-17+b3
2021-01-16 11:58:22 status half-installed mawk:amd64 1.3.3-17+b3
2021-01-16 11:58:22 status unpacked mawk:amd64 1.3.3-17+b3
2021-01-16 11:58:22 configure mawk:amd64 1.3.3-17+b3 1.3.3-17+b3
2021-01-16 11:58:22 status half-configured mawk:amd64 1.3.3-17+b3
2021-01-16 11:58:22 status installed mawk:amd64 1.3.3-17+b3
2021-01-16 11:58:22 startup archives install
2021-01-16 11:58:22 install debconf:all <none> 1.5.71
2021-01-16 11:58:22 status half-installed debconf:all 1.5.71
2021-01-16 11:58:22 status unpacked debconf:all 1.5.71
2021-01-16 11:58:22 configure debconf:all 1.5.71 1.5.71
2021-01-16 11:58:22 status half-configured debconf:all 1.5.71
2021-01-16 11:58:22 status installed debconf:all 1.5.71
2021-01-16 11:58:22 startup archives unpack
2021-01-16 11:58:22 install libacl1:amd64 <none> 2.2.53-4
2021-01-16 11:58:22 status half-installed libacl1:amd64 2.2.53-4
2021-01-16 11:58:22 status unpacked libacl1:amd64 2.2.53-4
2021-01-16 11:58:22 install adduser:all <none> 3.118
2021-01-16 11:58:22 status half-installed adduser:all 3.118
2021-01-16 11:58:22 status unpacked adduser:all 3.118
2021-01-16 11:58:22 install apt:amd64 <none> 1.8.2.1
2021-01-16 11:58:22 status half-installed apt:amd64 1.8.2.1
2021-01-16 11:58:23 status unpacked apt:amd64 1.8.2.1
2021-01-16 11:58:23 install libapt-pkg5.0:amd64 <none> 1.8.2.1
2021-01-16 11:58:23 status half-installed libapt-pkg5.0:amd64 1.8.2.1
2021-01-16 11:58:23 status unpacked libapt-pkg5.0:amd64 1.8.2.1
2021-01-16 11:58:23 install libattr1:amd64 <none> 1:2.4.48-4
2021-01-16 11:58:23 status half-installed libattr1:amd64 1:2.4.48-4
2021-01-16 11:58:23 status unpacked libattr1:amd64 1:2.4.48-4
2021-01-16 11:58:23 install libaudit-common:all <none> 1:2.8.4-3
2021-01-16 11:58:23 status half-installed libaudit-common:all 1:2.8.4-3
2021-01-16 11:58:23 status unpacked libaudit-common:all 1:2.8.4-3
2021-01-16 11:58:23 install libaudit1:amd64 <none> 1:2.8.4-3
2021-01-16 11:58:23 status half-installed libaudit1:amd64 1:2.8.4-3
2021-01-16 11:58:23 status unpacked libaudit1:amd64 1:2.8.4-3
2021-01-16 11:58:23 upgrade base-files:amd64 10.3+deb10u7 10.3+deb10u7
2021-01-16 11:58:23 status half-configured base-files:amd64 10.3+deb10u7
2021-01-16 11:58:23 status unpacked base-files:amd64 10.3+deb10u7
2021-01-16 11:58:23 status half-installed base-files:amd64 10.3+deb10u7
2021-01-16 11:58:23 status unpacked base-files:amd64 10.3+deb10u7
2021-01-16 11:58:23 upgrade base-passwd:amd64 3.5.46 3.5.46
2021-01-16 11:58:23 status half-configured base-passwd:amd64 3.5.46
2021-01-16 11:58:23 status unpacked base-passwd:amd64 3.5.46
2021-01-16 11:58:23 status half-installed base-passwd:amd64 3.5.46
2021-01-16 11:58:23 status unpacked base-passwd:amd64 3.5.46
2021-01-16 11:58:23 install bash:amd64 <none> 5.0-4
2021-01-16 11:58:23 status half-installed bash:amd64 5.0-4
2021-01-16 11:58:23 status unpacked bash:amd64 5.0-4
2021-01-16 11:58:23 install libbz2-1.0:amd64 <none> 1.0.6-9.2~deb10u1
2021-01-16 11:58:23 status half-installed libbz2-1.0:amd64 1.0.6-9.2~deb10u1
2021-01-16 11:58:23 status unpacked libbz2-1.0:amd64 1.0.6-9.2~deb10u1
2021-01-16 11:58:23 install libdebconfclient0:amd64 <none> 0.249
2021-01-16 11:58:23 status half-installed libdebconfclient0:amd64 0.249
2021-01-16 11:58:23 status unpacked libdebconfclient0:amd64 0.249
2021-01-16 11:58:23 install coreutils:amd64 <none> 8.30-3
2021-01-16 11:58:23 status half-installed coreutils:amd64 8.30-3
2021-01-16 11:58:24 status unpacked coreutils:amd64 8.30-3
2021-01-16 11:58:24 install dash:amd64 <none> 0.5.10.2-5
2021-01-16 11:58:24 status half-installed dash:amd64 0.5.10.2-5
2021-01-16 11:58:24 status unpacked dash:amd64 0.5.10.2-5
2021-01-16 11:58:24 install libdb5.3:amd64 <none> 5.3.28+dfsg1-0.5
2021-01-16 11:58:24 status half-installed libdb5.3:amd64 5.3.28+dfsg1-0.5
2021-01-16 11:58:24 status unpacked libdb5.3:amd64 5.3.28+dfsg1-0.5
2021-01-16 11:58:24 upgrade debconf:all 1.5.71 1.5.71
2021-01-16 11:58:24 status half-configured debconf:all 1.5.71
2021-01-16 11:58:24 status unpacked debconf:all 1.5.71
2021-01-16 11:58:24 status half-installed debconf:all 1.5.71
2021-01-16 11:58:24 status unpacked debconf:all 1.5.71
2021-01-16 11:58:24 install debian-archive-keyring:all <none> 2019.1
2021-01-16 11:58:24 status half-installed debian-archive-keyring:all 2019.1
2021-01-16 11:58:24 status unpacked debian-archive-keyring:all 2019.1
2021-01-16 11:58:24 install debianutils:amd64 <none> 4.8.6.1
2021-01-16 11:58:24 status half-installed debianutils:amd64 4.8.6.1
2021-01-16 11:58:24 status unpacked debianutils:amd64 4.8.6.1
2021-01-16 11:58:24 install diffutils:amd64 <none> 1:3.7-3
2021-01-16 11:58:24 status half-installed diffutils:amd64 1:3.7-3
2021-01-16 11:58:24 status unpacked diffutils:amd64 1:3.7-3
2021-01-16 11:58:24 upgrade dpkg:amd64 1.19.7 1.19.7
2021-01-16 11:58:24 status half-configured dpkg:amd64 1.19.7
2021-01-16 11:58:24 status unpacked dpkg:amd64 1.19.7
2021-01-16 11:58:24 status half-installed dpkg:amd64 1.19.7
2021-01-16 11:58:24 status unpacked dpkg:amd64 1.19.7
2021-01-16 11:58:24 install e2fsprogs:amd64 <none> 1.44.5-1+deb10u3
2021-01-16 11:58:24 status half-installed e2fsprogs:amd64 1.44.5-1+deb10u3
2021-01-16 11:58:24 status unpacked e2fsprogs:amd64 1.44.5-1+deb10u3
2021-01-16 11:58:24 install libcom-err2:amd64 <none> 1.44.5-1+deb10u3
2021-01-16 11:58:24 status half-installed libcom-err2:amd64 1.44.5-1+deb10u3
2021-01-16 11:58:24 status unpacked libcom-err2:amd64 1.44.5-1+deb10u3
2021-01-16 11:58:24 install libext2fs2:amd64 <none> 1.44.5-1+deb10u3
2021-01-16 11:58:24 status half-installed libext2fs2:amd64 1.44.5-1+deb10u3
2021-01-16 11:58:24 status unpacked libext2fs2:amd64 1.44.5-1+deb10u3
2021-01-16 11:58:24 install libss2:amd64 <none> 1.44.5-1+deb10u3
2021-01-16 11:58:24 status half-installed libss2:amd64 1.44.5-1+deb10u3
2021-01-16 11:58:24 status unpacked libss2:amd64 1.44.5-1+deb10u3
2021-01-16 11:58:24 install findutils:amd64 <none> 4.6.0+git+20190209-2
2021-01-16 11:58:24 status half-installed findutils:amd64 4.6.0+git+20190209-2
2021-01-16 11:58:25 status unpacked findutils:amd64 4.6.0+git+20190209-2
2021-01-16 11:58:25 install gcc-8-base:amd64 <none> 8.3.0-6
2021-01-16 11:58:25 status half-installed gcc-8-base:amd64 8.3.0-6
2021-01-16 11:58:25 status unpacked gcc-8-base:amd64 8.3.0-6
2021-01-16 11:58:25 install libgcc1:amd64 <none> 1:8.3.0-6
2021-01-16 11:58:25 status half-installed libgcc1:amd64 1:8.3.0-6
2021-01-16 11:58:25 status unpacked libgcc1:amd64 1:8.3.0-6
2021-01-16 11:58:25 install libstdc++6:amd64 <none> 8.3.0-6
2021-01-16 11:58:25 status half-installed libstdc++6:amd64 8.3.0-6
2021-01-16 11:58:25 status unpacked libstdc++6:amd64 8.3.0-6
2021-01-16 11:58:25 install libc-bin:amd64 <none> 2.28-10
2021-01-16 11:58:25 status half-installed libc-bin:amd64 2.28-10
2021-01-16 11:58:25 status unpacked libc-bin:amd64 2.28-10
2021-01-16 11:58:25 upgrade libc6:amd64 2.28-10 2.28-10
2021-01-16 11:58:25 status half-configured libc6:amd64 2.28-10
2021-01-16 11:58:25 status unpacked libc6:amd64 2.28-10
2021-01-16 11:58:25 status half-installed libc6:amd64 2.28-10
2021-01-16 11:58:25 status unpacked libc6:amd64 2.28-10
2021-01-16 11:58:25 install libgmp10:amd64 <none> 2:6.1.2+dfsg-4
2021-01-16 11:58:25 status half-installed libgmp10:amd64 2:6.1.2+dfsg-4
2021-01-16 11:58:25 status unpacked libgmp10:amd64 2:6.1.2+dfsg-4
2021-01-16 11:58:25 install gpgv:amd64 <none> 2.2.12-1+deb10u1
2021-01-16 11:58:25 status half-installed gpgv:amd64 2.2.12-1+deb10u1
2021-01-16 11:58:25 status unpacked gpgv:amd64 2.2.12-1+deb10u1
2021-01-16 11:58:25 install libgnutls30:amd64 <none> 3.6.7-4+deb10u5
2021-01-16 11:58:25 status half-installed libgnutls30:amd64 3.6.7-4+deb10u5
2021-01-16 11:58:25 status unpacked libgnutls30:amd64 3.6.7-4+deb10u5
2021-01-16 11:58:25 install grep:amd64 <none> 3.3-1
2021-01-16 11:58:25 status half-installed grep:amd64 3.3-1
2021-01-16 11:58:26 status unpacked grep:amd64 3.3-1
2021-01-16 11:58:26 install gzip:amd64 <none> 1.9-3
2021-01-16 11:58:26 status half-installed gzip:amd64 1.9-3
2021-01-16 11:58:26 status unpacked gzip:amd64 1.9-3
2021-01-16 11:58:26 install hostname:amd64 <none> 3.21
2021-01-16 11:58:26 status half-installed hostname:amd64 3.21
2021-01-16 11:58:26 status unpacked hostname:amd64 3.21
2021-01-16 11:58:26 install init-system-helpers:all <none> 1.56+nmu1
2021-01-16 11:58:26 status half-installed init-system-helpers:all 1.56+nmu1
2021-01-16 11:58:26 status unpacked init-system-helpers:all 1.56+nmu1
2021-01-16 11:58:26 install libcap-ng0:amd64 <none> 0.7.9-2
2021-01-16 11:58:26 status half-installed libcap-ng0:amd64 0.7.9-2
2021-01-16 11:58:26 status unpacked libcap-ng0:amd64 0.7.9-2
2021-01-16 11:58:26 install libffi6:amd64 <none> 3.2.1-9
2021-01-16 11:58:26 status half-installed libffi6:amd64 3.2.1-9
2021-01-16 11:58:26 status unpacked libffi6:amd64 3.2.1-9
2021-01-16 11:58:26 install libgcrypt20:amd64 <none> 1.8.4-5
2021-01-16 11:58:26 status half-installed libgcrypt20:amd64 1.8.4-5
2021-01-16 11:58:26 status unpacked libgcrypt20:amd64 1.8.4-5
2021-01-16 11:58:26 install libgpg-error0:amd64 <none> 1.35-1
2021-01-16 11:58:26 status half-installed libgpg-error0:amd64 1.35-1
2021-01-16 11:58:26 status unpacked libgpg-error0:amd64 1.35-1
2021-01-16 11:58:26 install libidn2-0:amd64 <none> 2.0.5-1+deb10u1
2021-01-16 11:58:26 status half-installed libidn2-0:amd64 2.0.5-1+deb10u1
2021-01-16 11:58:26 status unpacked libidn2-0:amd64 2.0.5-1+deb10u1
2021-01-16 11:58:26 install libseccomp2:amd64 <none> 2.3.3-4
2021-01-16 11:58:26 status half-installed libseccomp2:amd64 2.3.3-4
2021-01-16 11:58:26 status unpacked libseccomp2:amd64 2.3.3-4
2021-01-16 11:58:26 install libselinux1:amd64 <none> 2.8-1+b1
2021-01-16 11:58:26 status half-installed libselinux1:amd64 2.8-1+b1
2021-01-16 11:58:26 status unpacked libselinux1:amd64 2.8-1+b1
2021-01-16 11:58:26 install libsemanage-common:all <none> 2.8-2
2021-01-16 11:58:26 status half-installed libsemanage-common:all 2.8-2
2021-01-16 11:58:26 status unpacked libsemanage-common:all 2.8-2
2021-01-16 11:58:26 install libsemanage1:amd64 <none> 2.8-2
2021-01-16 11:58:26 status half-installed libsemanage1:amd64 2.8-2
2021-01-16 11:58:26 status unpacked libsemanage1:amd64 2.8-2
2021-01-16 11:58:26 install libsepol1:amd64 <none> 2.8-1
2021-01-16 11:58:26 status half-installed libsepol1:amd64 2.8-1
2021-01-16 11:58:26 status unpacked libsepol1:amd64 2.8-1
2021-01-16 11:58:26 install libtasn1-6:amd64 <none> 4.13-3
2021-01-16 11:58:26 status half-installed libtasn1-6:amd64 4.13-3
2021-01-16 11:58:26 status unpacked libtasn1-6:amd64 4.13-3
2021-01-16 11:58:26 install libunistring2:amd64 <none> 0.9.10-1
2021-01-16 11:58:26 status half-installed libunistring2:amd64 0.9.10-1
2021-01-16 11:58:26 status unpacked libunistring2:amd64 0.9.10-1
2021-01-16 11:58:26 install libzstd1:amd64 <none> 1.3.8+dfsg-3
2021-01-16 11:58:26 status half-installed libzstd1:amd64 1.3.8+dfsg-3
2021-01-16 11:58:26 status unpacked libzstd1:amd64 1.3.8+dfsg-3
2021-01-16 11:58:26 install liblz4-1:amd64 <none> 1.8.3-1
2021-01-16 11:58:26 status half-installed liblz4-1:amd64 1.8.3-1
2021-01-16 11:58:26 status unpacked liblz4-1:amd64 1.8.3-1
2021-01-16 11:58:26 upgrade mawk:amd64 1.3.3-17+b3 1.3.3-17+b3
2021-01-16 11:58:26 status half-configured mawk:amd64 1.3.3-17+b3
2021-01-16 11:58:26 status unpacked mawk:amd64 1.3.3-17+b3
2021-01-16 11:58:26 status half-installed mawk:amd64 1.3.3-17+b3
2021-01-16 11:58:26 status unpacked mawk:amd64 1.3.3-17+b3
2021-01-16 11:58:26 install libncursesw6:amd64 <none> 6.1+20181013-2+deb10u2
2021-01-16 11:58:26 status half-installed libncursesw6:amd64 6.1+20181013-2+deb10u2
2021-01-16 11:58:26 status unpacked libncursesw6:amd64 6.1+20181013-2+deb10u2
2021-01-16 11:58:26 install libtinfo6:amd64 <none> 6.1+20181013-2+deb10u2
2021-01-16 11:58:26 status half-installed libtinfo6:amd64 6.1+20181013-2+deb10u2
2021-01-16 11:58:26 status unpacked libtinfo6:amd64 6.1+20181013-2+deb10u2
2021-01-16 11:58:26 install ncurses-base:all <none> 6.1+20181013-2+deb10u2
2021-01-16 11:58:26 status half-installed ncurses-base:all 6.1+20181013-2+deb10u2
2021-01-16 11:58:26 status unpacked ncurses-base:all 6.1+20181013-2+deb10u2
2021-01-16 11:58:26 install ncurses-bin:amd64 <none> 6.1+20181013-2+deb10u2
2021-01-16 11:58:26 status half-installed ncurses-bin:amd64 6.1+20181013-2+deb10u2
2021-01-16 11:58:26 status unpacked ncurses-bin:amd64 6.1+20181013-2+deb10u2
2021-01-16 11:58:26 install libhogweed4:amd64 <none> 3.4.1-1
2021-01-16 11:58:26 status half-installed libhogweed4:amd64 3.4.1-1
2021-01-16 11:58:26 status unpacked libhogweed4:amd64 3.4.1-1
2021-01-16 11:58:26 install libnettle6:amd64 <none> 3.4.1-1
2021-01-16 11:58:26 status half-installed libnettle6:amd64 3.4.1-1
2021-01-16 11:58:26 status unpacked libnettle6:amd64 3.4.1-1
2021-01-16 11:58:26 install libp11-kit0:amd64 <none> 0.23.15-2
2021-01-16 11:58:26 status half-installed libp11-kit0:amd64 0.23.15-2
2021-01-16 11:58:26 status unpacked libp11-kit0:amd64 0.23.15-2
2021-01-16 11:58:26 install libpam-modules:amd64 <none> 1.3.1-5
2021-01-16 11:58:26 status half-installed libpam-modules:amd64 1.3.1-5
2021-01-16 11:58:27 status unpacked libpam-modules:amd64 1.3.1-5
2021-01-16 11:58:27 install libpam-modules-bin:amd64 <none> 1.3.1-5
2021-01-16 11:58:27 status half-installed libpam-modules-bin:amd64 1.3.1-5
2021-01-16 11:58:27 status unpacked libpam-modules-bin:amd64 1.3.1-5
2021-01-16 11:58:27 install libpam-runtime:all <none> 1.3.1-5
2021-01-16 11:58:27 status half-installed libpam-runtime:all 1.3.1-5
2021-01-16 11:58:27 status unpacked libpam-runtime:all 1.3.1-5
2021-01-16 11:58:27 install libpam0g:amd64 <none> 1.3.1-5
2021-01-16 11:58:27 status half-installed libpam0g:amd64 1.3.1-5
2021-01-16 11:58:27 status unpacked libpam0g:amd64 1.3.1-5
2021-01-16 11:58:27 install libpcre3:amd64 <none> 2:8.39-12
2021-01-16 11:58:27 status half-installed libpcre3:amd64 2:8.39-12
2021-01-16 11:58:27 status unpacked libpcre3:amd64 2:8.39-12
2021-01-16 11:58:27 upgrade perl-base:amd64 5.28.1-6+deb10u1 5.28.1-6+deb10u1
2021-01-16 11:58:27 status half-configured perl-base:amd64 5.28.1-6+deb10u1
2021-01-16 11:58:27 status unpacked perl-base:amd64 5.28.1-6+deb10u1
2021-01-16 11:58:27 status half-installed perl-base:amd64 5.28.1-6+deb10u1
2021-01-16 11:58:27 status unpacked perl-base:amd64 5.28.1-6+deb10u1
2021-01-16 11:58:27 install sed:amd64 <none> 4.7-1
2021-01-16 11:58:27 status half-installed sed:amd64 4.7-1
2021-01-16 11:58:27 status unpacked sed:amd64 4.7-1
2021-01-16 11:58:27 install login:amd64 <none> 1:4.5-1.1
2021-01-16 11:58:27 status half-installed login:amd64 1:4.5-1.1
2021-01-16 11:58:27 status unpacked login:amd64 1:4.5-1.1
2021-01-16 11:58:27 install passwd:amd64 <none> 1:4.5-1.1
2021-01-16 11:58:27 status half-installed passwd:amd64 1:4.5-1.1
2021-01-16 11:58:27 status unpacked passwd:amd64 1:4.5-1.1
2021-01-16 11:58:27 install libsystemd0:amd64 <none> 241-7~deb10u5
2021-01-16 11:58:27 status half-installed libsystemd0:amd64 241-7~deb10u5
2021-01-16 11:58:27 status unpacked libsystemd0:amd64 241-7~deb10u5
2021-01-16 11:58:27 install libudev1:amd64 <none> 241-7~deb10u5
2021-01-16 11:58:27 status half-installed libudev1:amd64 241-7~deb10u5
2021-01-16 11:58:28 status unpacked libudev1:amd64 241-7~deb10u5
2021-01-16 11:58:28 install sysvinit-utils:amd64 <none> 2.93-8
2021-01-16 11:58:28 status half-installed sysvinit-utils:amd64 2.93-8
2021-01-16 11:58:28 status unpacked sysvinit-utils:amd64 2.93-8
2021-01-16 11:58:28 install tar:amd64 <none> 1.30+dfsg-6
2021-01-16 11:58:28 status half-installed tar:amd64 1.30+dfsg-6
2021-01-16 11:58:28 status unpacked tar:amd64 1.30+dfsg-6
2021-01-16 11:58:28 install tzdata:all <none> 2020d-0+deb10u1
2021-01-16 11:58:28 status half-installed tzdata:all 2020d-0+deb10u1
2021-01-16 11:58:28 status unpacked tzdata:all 2020d-0+deb10u1
2021-01-16 11:58:28 install bsdutils:amd64 <none> 1:2.33.1-0.1
2021-01-16 11:58:28 status half-installed bsdutils:amd64 1:2.33.1-0.1
2021-01-16 11:58:28 status unpacked bsdutils:amd64 1:2.33.1-0.1
2021-01-16 11:58:28 install fdisk:amd64 <none> 2.33.1-0.1
2021-01-16 11:58:28 status half-installed fdisk:amd64 2.33.1-0.1
2021-01-16 11:58:28 status unpacked fdisk:amd64 2.33.1-0.1
2021-01-16 11:58:28 install libblkid1:amd64 <none> 2.33.1-0.1
2021-01-16 11:58:28 status half-installed libblkid1:amd64 2.33.1-0.1
2021-01-16 11:58:28 status unpacked libblkid1:amd64 2.33.1-0.1
2021-01-16 11:58:28 install libfdisk1:amd64 <none> 2.33.1-0.1
2021-01-16 11:58:28 status half-installed libfdisk1:amd64 2.33.1-0.1
2021-01-16 11:58:28 status unpacked libfdisk1:amd64 2.33.1-0.1
2021-01-16 11:58:28 install libmount1:amd64 <none> 2.33.1-0.1
2021-01-16 11:58:28 status half-installed libmount1:amd64 2.33.1-0.1
2021-01-16 11:58:28 status unpacked libmount1:amd64 2.33.1-0.1
2021-01-16 11:58:28 install libsmartcols1:amd64 <none> 2.33.1-0.1
2021-01-16 11:58:28 status half-installed libsmartcols1:amd64 2.33.1-0.1
2021-01-16 11:58:28 status unpacked libsmartcols1:amd64 2.33.1-0.1
2021-01-16 11:58:28 install libuuid1:amd64 <none> 2.33.1-0.1
2021-01-16 11:58:28 status half-installed libuuid1:amd64 2.33.1-0.1
2021-01-16 11:58:28 status unpacked libuuid1:amd64 2.33.1-0.1
2021-01-16 11:58:28 install mount:amd64 <none> 2.33.1-0.1
2021-01-16 11:58:28 status half-installed mount:amd64 2.33.1-0.1
2021-01-16 11:58:28 status unpacked mount:amd64 2.33.1-0.1
2021-01-16 11:58:28 install util-linux:amd64 <none> 2.33.1-0.1
2021-01-16 11:58:28 status half-installed util-linux:amd64 2.33.1-0.1
2021-01-16 11:58:28 status unpacked util-linux:amd64 2.33.1-0.1
2021-01-16 11:58:28 install liblzma5:amd64 <none> 5.2.4-1
2021-01-16 11:58:28 status half-installed liblzma5:amd64 5.2.4-1
2021-01-16 11:58:29 status unpacked liblzma5:amd64 5.2.4-1
2021-01-16 11:58:29 install zlib1g:amd64 <none> 1:1.2.11.dfsg-1
2021-01-16 11:58:29 status half-installed zlib1g:amd64 1:1.2.11.dfsg-1
2021-01-16 11:58:29 status unpacked zlib1g:amd64 1:1.2.11.dfsg-1
2021-01-16 11:58:29 startup packages configure
2021-01-16 11:58:29 configure debian-archive-keyring:all 2019.1 <none>
2021-01-16 11:58:29 status unpacked debian-archive-keyring:all 2019.1
2021-01-16 11:58:29 status half-configured debian-archive-keyring:all 2019.1
2021-01-16 11:58:29 status installed debian-archive-keyring:all 2019.1
2021-01-16 11:58:29 configure libaudit-common:all 1:2.8.4-3 <none>
2021-01-16 11:58:29 status unpacked libaudit-common:all 1:2.8.4-3
2021-01-16 11:58:29 status half-configured libaudit-common:all 1:2.8.4-3
2021-01-16 11:58:29 status installed libaudit-common:all 1:2.8.4-3
2021-01-16 11:58:29 configure libsemanage-common:all 2.8-2 <none>
2021-01-16 11:58:29 status unpacked libsemanage-common:all 2.8-2
2021-01-16 11:58:29 status half-configured libsemanage-common:all 2.8-2
2021-01-16 11:58:29 status installed libsemanage-common:all 2.8-2
2021-01-16 11:58:29 configure ncurses-base:all 6.1+20181013-2+deb10u2 <none>
2021-01-16 11:58:29 status unpacked ncurses-base:all 6.1+20181013-2+deb10u2
2021-01-16 11:58:29 status half-configured ncurses-base:all 6.1+20181013-2+deb10u2
2021-01-16 11:58:29 status installed ncurses-base:all 6.1+20181013-2+deb10u2
2021-01-16 11:58:29 configure gcc-8-base:amd64 8.3.0-6 <none>
2021-01-16 11:58:29 status unpacked gcc-8-base:amd64 8.3.0-6
2021-01-16 11:58:29 status half-configured gcc-8-base:amd64 8.3.0-6
2021-01-16 11:58:29 status installed gcc-8-base:amd64 8.3.0-6
2021-01-16 11:58:29 configure libc6:amd64 2.28-10 <none>
2021-01-16 11:58:29 status unpacked libc6:amd64 2.28-10
2021-01-16 11:58:29 status half-configured libc6:amd64 2.28-10
2021-01-16 11:58:29 status installed libc6:amd64 2.28-10
2021-01-16 11:58:29 configure libudev1:amd64 241-7~deb10u5 <none>
2021-01-16 11:58:29 status unpacked libudev1:amd64 241-7~deb10u5
2021-01-16 11:58:29 status half-configured libudev1:amd64 241-7~deb10u5
2021-01-16 11:58:29 status installed libudev1:amd64 241-7~deb10u5
2021-01-16 11:58:29 configure libsepol1:amd64 2.8-1 <none>
2021-01-16 11:58:29 status unpacked libsepol1:amd64 2.8-1
2021-01-16 11:58:29 status half-configured libsepol1:amd64 2.8-1
2021-01-16 11:58:29 status installed libsepol1:amd64 2.8-1
2021-01-16 11:58:29 configure libattr1:amd64 1:2.4.48-4 <none>
2021-01-16 11:58:29 status unpacked libattr1:amd64 1:2.4.48-4
2021-01-16 11:58:29 status half-configured libattr1:amd64 1:2.4.48-4
2021-01-16 11:58:29 status installed libattr1:amd64 1:2.4.48-4
2021-01-16 11:58:29 configure libtasn1-6:amd64 4.13-3 <none>
2021-01-16 11:58:29 status unpacked libtasn1-6:amd64 4.13-3
2021-01-16 11:58:29 status half-configured libtasn1-6:amd64 4.13-3
2021-01-16 11:58:29 status installed libtasn1-6:amd64 4.13-3
2021-01-16 11:58:29 configure debianutils:amd64 4.8.6.1 <none>
2021-01-16 11:58:29 status unpacked debianutils:amd64 4.8.6.1
2021-01-16 11:58:29 status half-configured debianutils:amd64 4.8.6.1
2021-01-16 11:58:29 status installed debianutils:amd64 4.8.6.1
2021-01-16 11:58:29 configure mawk:amd64 1.3.3-17+b3 <none>
2021-01-16 11:58:29 status unpacked mawk:amd64 1.3.3-17+b3
2021-01-16 11:58:29 status half-configured mawk:amd64 1.3.3-17+b3
2021-01-16 11:58:29 status installed mawk:amd64 1.3.3-17+b3
2021-01-16 11:58:29 configure libdebconfclient0:amd64 0.249 <none>
2021-01-16 11:58:29 status unpacked libdebconfclient0:amd64 0.249
2021-01-16 11:58:29 status half-configured libdebconfclient0:amd64 0.249
2021-01-16 11:58:29 status installed libdebconfclient0:amd64 0.249
2021-01-16 11:58:29 configure base-files:amd64 10.3+deb10u7 <none>
2021-01-16 11:58:29 status unpacked base-files:amd64 10.3+deb10u7
2021-01-16 11:58:29 status half-configured base-files:amd64 10.3+deb10u7
2021-01-16 11:58:29 status installed base-files:amd64 10.3+deb10u7
2021-01-16 11:58:29 configure libbz2-1.0:amd64 1.0.6-9.2~deb10u1 <none>
2021-01-16 11:58:29 status unpacked libbz2-1.0:amd64 1.0.6-9.2~deb10u1
2021-01-16 11:58:29 status half-configured libbz2-1.0:amd64 1.0.6-9.2~deb10u1
2021-01-16 11:58:29 status installed libbz2-1.0:amd64 1.0.6-9.2~deb10u1
2021-01-16 11:58:29 configure base-passwd:amd64 3.5.46 <none>
2021-01-16 11:58:29 status unpacked base-passwd:amd64 3.5.46
2021-01-16 11:58:29 status half-configured base-passwd:amd64 3.5.46
2021-01-16 11:58:29 status installed base-passwd:amd64 3.5.46
2021-01-16 11:58:29 configure libdb5.3:amd64 5.3.28+dfsg1-0.5 <none>
2021-01-16 11:58:29 status unpacked libdb5.3:amd64 5.3.28+dfsg1-0.5
2021-01-16 11:58:29 status half-configured libdb5.3:amd64 5.3.28+dfsg1-0.5
2021-01-16 11:58:29 status installed libdb5.3:amd64 5.3.28+dfsg1-0.5
2021-01-16 11:58:29 configure libtinfo6:amd64 6.1+20181013-2+deb10u2 <none>
2021-01-16 11:58:29 status unpacked libtinfo6:amd64 6.1+20181013-2+deb10u2
2021-01-16 11:58:29 status half-configured libtinfo6:amd64 6.1+20181013-2+deb10u2
2021-01-16 11:58:29 status installed libtinfo6:amd64 6.1+20181013-2+deb10u2
2021-01-16 11:58:29 configure bash:amd64 5.0-4 <none>
2021-01-16 11:58:29 status unpacked bash:amd64 5.0-4
2021-01-16 11:58:29 status half-configured bash:amd64 5.0-4
2021-01-16 11:58:29 status installed bash:amd64 5.0-4
2021-01-16 11:58:29 configure libzstd1:amd64 1.3.8+dfsg-3 <none>
2021-01-16 11:58:29 status unpacked libzstd1:amd64 1.3.8+dfsg-3
2021-01-16 11:58:29 status half-configured libzstd1:amd64 1.3.8+dfsg-3
2021-01-16 11:58:29 status installed libzstd1:amd64 1.3.8+dfsg-3
2021-01-16 11:58:29 configure liblzma5:amd64 5.2.4-1 <none>
2021-01-16 11:58:29 status unpacked liblzma5:amd64 5.2.4-1
2021-01-16 11:58:29 status half-configured liblzma5:amd64 5.2.4-1
2021-01-16 11:58:29 status installed liblzma5:amd64 5.2.4-1
2021-01-16 11:58:29 configure libgpg-error0:amd64 1.35-1 <none>
2021-01-16 11:58:29 status unpacked libgpg-error0:amd64 1.35-1
2021-01-16 11:58:29 status half-configured libgpg-error0:amd64 1.35-1
2021-01-16 11:58:29 status installed libgpg-error0:amd64 1.35-1
2021-01-16 11:58:29 configure libgcc1:amd64 1:8.3.0-6 <none>
2021-01-16 11:58:29 status unpacked libgcc1:amd64 1:8.3.0-6
2021-01-16 11:58:29 status half-configured libgcc1:amd64 1:8.3.0-6
2021-01-16 11:58:29 status installed libgcc1:amd64 1:8.3.0-6
2021-01-16 11:58:29 configure liblz4-1:amd64 1.8.3-1 <none>
2021-01-16 11:58:29 status unpacked liblz4-1:amd64 1.8.3-1
2021-01-16 11:58:29 status half-configured liblz4-1:amd64 1.8.3-1
2021-01-16 11:58:29 status installed liblz4-1:amd64 1.8.3-1
2021-01-16 11:58:29 configure libc-bin:amd64 2.28-10 <none>
2021-01-16 11:58:29 status unpacked libc-bin:amd64 2.28-10
2021-01-16 11:58:29 status half-configured libc-bin:amd64 2.28-10
2021-01-16 11:58:29 status installed libc-bin:amd64 2.28-10
2021-01-16 11:58:29 configure ncurses-bin:amd64 6.1+20181013-2+deb10u2 <none>
2021-01-16 11:58:29 status unpacked ncurses-bin:amd64 6.1+20181013-2+deb10u2
2021-01-16 11:58:29 status half-configured ncurses-bin:amd64 6.1+20181013-2+deb10u2
2021-01-16 11:58:29 status installed ncurses-bin:amd64 6.1+20181013-2+deb10u2
2021-01-16 11:58:29 configure libacl1:amd64 2.2.53-4 <none>
2021-01-16 11:58:29 status triggers-pending libc-bin:amd64 2.28-10
2021-01-16 11:58:29 status unpacked libacl1:amd64 2.2.53-4
2021-01-16 11:58:29 status half-configured libacl1:amd64 2.2.53-4
2021-01-16 11:58:29 status installed libacl1:amd64 2.2.53-4
2021-01-16 11:58:29 configure libunistring2:amd64 0.9.10-1 <none>
2021-01-16 11:58:29 status unpacked libunistring2:amd64 0.9.10-1
2021-01-16 11:58:29 status half-configured libunistring2:amd64 0.9.10-1
2021-01-16 11:58:29 status installed libunistring2:amd64 0.9.10-1
2021-01-16 11:58:29 configure libsmartcols1:amd64 2.33.1-0.1 <none>
2021-01-16 11:58:29 status unpacked libsmartcols1:amd64 2.33.1-0.1
2021-01-16 11:58:29 status half-configured libsmartcols1:amd64 2.33.1-0.1
2021-01-16 11:58:29 status installed libsmartcols1:amd64 2.33.1-0.1
2021-01-16 11:58:29 configure libgcrypt20:amd64 1.8.4-5 <none>
2021-01-16 11:58:29 status unpacked libgcrypt20:amd64 1.8.4-5
2021-01-16 11:58:29 status half-configured libgcrypt20:amd64 1.8.4-5
2021-01-16 11:58:29 status installed libgcrypt20:amd64 1.8.4-5
2021-01-16 11:58:29 configure zlib1g:amd64 1:1.2.11.dfsg-1 <none>
2021-01-16 11:58:29 status unpacked zlib1g:amd64 1:1.2.11.dfsg-1
2021-01-16 11:58:29 status half-configured zlib1g:amd64 1:1.2.11.dfsg-1
2021-01-16 11:58:29 status installed zlib1g:amd64 1:1.2.11.dfsg-1
2021-01-16 11:58:29 configure libffi6:amd64 3.2.1-9 <none>
2021-01-16 11:58:29 status unpacked libffi6:amd64 3.2.1-9
2021-01-16 11:58:29 status half-configured libffi6:amd64 3.2.1-9
2021-01-16 11:58:29 status installed libffi6:amd64 3.2.1-9
2021-01-16 11:58:29 configure libidn2-0:amd64 2.0.5-1+deb10u1 <none>
2021-01-16 11:58:29 status unpacked libidn2-0:amd64 2.0.5-1+deb10u1
2021-01-16 11:58:29 status half-configured libidn2-0:amd64 2.0.5-1+deb10u1
2021-01-16 11:58:29 status installed libidn2-0:amd64 2.0.5-1+deb10u1
2021-01-16 11:58:29 configure libcom-err2:amd64 1.44.5-1+deb10u3 <none>
2021-01-16 11:58:29 status unpacked libcom-err2:amd64 1.44.5-1+deb10u3
2021-01-16 11:58:29 status half-configured libcom-err2:amd64 1.44.5-1+deb10u3
2021-01-16 11:58:29 status installed libcom-err2:amd64 1.44.5-1+deb10u3
2021-01-16 11:58:29 configure diffutils:amd64 1:3.7-3 <none>
2021-01-16 11:58:29 status unpacked diffutils:amd64 1:3.7-3
2021-01-16 11:58:29 status half-configured diffutils:amd64 1:3.7-3
2021-01-16 11:58:29 status installed diffutils:amd64 1:3.7-3
2021-01-16 11:58:29 configure libseccomp2:amd64 2.3.3-4 <none>
2021-01-16 11:58:29 status unpacked libseccomp2:amd64 2.3.3-4
2021-01-16 11:58:29 status half-configured libseccomp2:amd64 2.3.3-4
2021-01-16 11:58:29 status installed libseccomp2:amd64 2.3.3-4
2021-01-16 11:58:29 configure libsystemd0:amd64 241-7~deb10u5 <none>
2021-01-16 11:58:29 status unpacked libsystemd0:amd64 241-7~deb10u5
2021-01-16 11:58:29 status half-configured libsystemd0:amd64 241-7~deb10u5
2021-01-16 11:58:29 status installed libsystemd0:amd64 241-7~deb10u5
2021-01-16 11:58:29 configure hostname:amd64 3.21 <none>
2021-01-16 11:58:29 status unpacked hostname:amd64 3.21
2021-01-16 11:58:29 status half-configured hostname:amd64 3.21
2021-01-16 11:58:29 status installed hostname:amd64 3.21
2021-01-16 11:58:29 configure libpcre3:amd64 2:8.39-12 <none>
2021-01-16 11:58:29 status unpacked libpcre3:amd64 2:8.39-12
2021-01-16 11:58:29 status half-configured libpcre3:amd64 2:8.39-12
2021-01-16 11:58:29 status installed libpcre3:amd64 2:8.39-12
2021-01-16 11:58:29 configure libcap-ng0:amd64 0.7.9-2 <none>
2021-01-16 11:58:29 status unpacked libcap-ng0:amd64 0.7.9-2
2021-01-16 11:58:29 status half-configured libcap-ng0:amd64 0.7.9-2
2021-01-16 11:58:29 status installed libcap-ng0:amd64 0.7.9-2
2021-01-16 11:58:29 configure libext2fs2:amd64 1.44.5-1+deb10u3 <none>
2021-01-16 11:58:29 status unpacked libext2fs2:amd64 1.44.5-1+deb10u3
2021-01-16 11:58:29 status half-configured libext2fs2:amd64 1.44.5-1+deb10u3
2021-01-16 11:58:29 status installed libext2fs2:amd64 1.44.5-1+deb10u3
2021-01-16 11:58:29 configure libgmp10:amd64 2:6.1.2+dfsg-4 <none>
2021-01-16 11:58:29 status unpacked libgmp10:amd64 2:6.1.2+dfsg-4
2021-01-16 11:58:29 status half-configured libgmp10:amd64 2:6.1.2+dfsg-4
2021-01-16 11:58:29 status installed libgmp10:amd64 2:6.1.2+dfsg-4
2021-01-16 11:58:29 configure libp11-kit0:amd64 0.23.15-2 <none>
2021-01-16 11:58:29 status unpacked libp11-kit0:amd64 0.23.15-2
2021-01-16 11:58:29 status half-configured libp11-kit0:amd64 0.23.15-2
2021-01-16 11:58:29 status installed libp11-kit0:amd64 0.23.15-2
2021-01-16 11:58:29 configure libaudit1:amd64 1:2.8.4-3 <none>
2021-01-16 11:58:29 status unpacked libaudit1:amd64 1:2.8.4-3
2021-01-16 11:58:29 status half-configured libaudit1:amd64 1:2.8.4-3
2021-01-16 11:58:29 status installed libaudit1:amd64 1:2.8.4-3
2021-01-16 11:58:29 configure libuuid1:amd64 2.33.1-0.1 <none>
2021-01-16 11:58:29 status unpacked libuuid1:amd64 2.33.1-0.1
2021-01-16 11:58:29 status half-configured libuuid1:amd64 2.33.1-0.1
2021-01-16 11:58:29 status installed libuuid1:amd64 2.33.1-0.1
2021-01-16 11:58:29 configure libss2:amd64 1.44.5-1+deb10u3 <none>
2021-01-16 11:58:29 status unpacked libss2:amd64 1.44.5-1+deb10u3
2021-01-16 11:58:29 status half-configured libss2:amd64 1.44.5-1+deb10u3
2021-01-16 11:58:29 status installed libss2:amd64 1.44.5-1+deb10u3
2021-01-16 11:58:29 configure libncursesw6:amd64 6.1+20181013-2+deb10u2 <none>
2021-01-16 11:58:29 status unpacked libncursesw6:amd64 6.1+20181013-2+deb10u2
2021-01-16 11:58:29 status half-configured libncursesw6:amd64 6.1+20181013-2+deb10u2
2021-01-16 11:58:29 status installed libncursesw6:amd64 6.1+20181013-2+deb10u2
2021-01-16 11:58:29 configure libnettle6:amd64 3.4.1-1 <none>
2021-01-16 11:58:29 status unpacked libnettle6:amd64 3.4.1-1
2021-01-16 11:58:29 status half-configured libnettle6:amd64 3.4.1-1
2021-01-16 11:58:29 status installed libnettle6:amd64 3.4.1-1
2021-01-16 11:58:29 configure gpgv:amd64 2.2.12-1+deb10u1 <none>
2021-01-16 11:58:29 status unpacked gpgv:amd64 2.2.12-1+deb10u1
2021-01-16 11:58:29 status half-configured gpgv:amd64 2.2.12-1+deb10u1
2021-01-16 11:58:29 status installed gpgv:amd64 2.2.12-1+deb10u1
2021-01-16 11:58:29 configure libblkid1:amd64 2.33.1-0.1 <none>
2021-01-16 11:58:29 status unpacked libblkid1:amd64 2.33.1-0.1
2021-01-16 11:58:29 status half-configured libblkid1:amd64 2.33.1-0.1
2021-01-16 11:58:29 status installed libblkid1:amd64 2.33.1-0.1
2021-01-16 11:58:29 configure libstdc++6:amd64 8.3.0-6 <none>
2021-01-16 11:58:29 status unpacked libstdc++6:amd64 8.3.0-6
2021-01-16 11:58:29 status half-configured libstdc++6:amd64 8.3.0-6
2021-01-16 11:58:29 status installed libstdc++6:amd64 8.3.0-6
2021-01-16 11:58:29 configure bsdutils:amd64 1:2.33.1-0.1 <none>
2021-01-16 11:58:29 status unpacked bsdutils:amd64 1:2.33.1-0.1
2021-01-16 11:58:30 status half-configured bsdutils:amd64 1:2.33.1-0.1
2021-01-16 11:58:30 status installed bsdutils:amd64 1:2.33.1-0.1
2021-01-16 11:58:30 configure libhogweed4:amd64 3.4.1-1 <none>
2021-01-16 11:58:30 status unpacked libhogweed4:amd64 3.4.1-1
2021-01-16 11:58:30 status half-configured libhogweed4:amd64 3.4.1-1
2021-01-16 11:58:30 status installed libhogweed4:amd64 3.4.1-1
2021-01-16 11:58:30 configure e2fsprogs:amd64 1.44.5-1+deb10u3 <none>
2021-01-16 11:58:30 status unpacked e2fsprogs:amd64 1.44.5-1+deb10u3
2021-01-16 11:58:30 status half-configured e2fsprogs:amd64 1.44.5-1+deb10u3
2021-01-16 11:58:30 status installed e2fsprogs:amd64 1.44.5-1+deb10u3
2021-01-16 11:58:30 configure libselinux1:amd64 2.8-1+b1 <none>
2021-01-16 11:58:30 status unpacked libselinux1:amd64 2.8-1+b1
2021-01-16 11:58:30 status half-configured libselinux1:amd64 2.8-1+b1
2021-01-16 11:58:30 status installed libselinux1:amd64 2.8-1+b1
2021-01-16 11:58:30 configure libgnutls30:amd64 3.6.7-4+deb10u5 <none>
2021-01-16 11:58:30 status unpacked libgnutls30:amd64 3.6.7-4+deb10u5
2021-01-16 11:58:30 status half-configured libgnutls30:amd64 3.6.7-4+deb10u5
2021-01-16 11:58:30 status installed libgnutls30:amd64 3.6.7-4+deb10u5
2021-01-16 11:58:30 configure sed:amd64 4.7-1 <none>
2021-01-16 11:58:30 status unpacked sed:amd64 4.7-1
2021-01-16 11:58:30 status half-configured sed:amd64 4.7-1
2021-01-16 11:58:30 status installed sed:amd64 4.7-1
2021-01-16 11:58:30 configure libfdisk1:amd64 2.33.1-0.1 <none>
2021-01-16 11:58:30 status unpacked libfdisk1:amd64 2.33.1-0.1
2021-01-16 11:58:30 status half-configured libfdisk1:amd64 2.33.1-0.1
2021-01-16 11:58:30 status installed libfdisk1:amd64 2.33.1-0.1
2021-01-16 11:58:30 configure findutils:amd64 4.6.0+git+20190209-2 <none>
2021-01-16 11:58:30 status unpacked findutils:amd64 4.6.0+git+20190209-2
2021-01-16 11:58:30 status half-configured findutils:amd64 4.6.0+git+20190209-2
2021-01-16 11:58:30 status installed findutils:amd64 4.6.0+git+20190209-2
2021-01-16 11:58:30 configure libmount1:amd64 2.33.1-0.1 <none>
2021-01-16 11:58:30 status unpacked libmount1:amd64 2.33.1-0.1
2021-01-16 11:58:30 status half-configured libmount1:amd64 2.33.1-0.1
2021-01-16 11:58:30 status installed libmount1:amd64 2.33.1-0.1
2021-01-16 11:58:30 configure libapt-pkg5.0:amd64 1.8.2.1 <none>
2021-01-16 11:58:30 status unpacked libapt-pkg5.0:amd64 1.8.2.1
2021-01-16 11:58:30 status half-configured libapt-pkg5.0:amd64 1.8.2.1
2021-01-16 11:58:30 status installed libapt-pkg5.0:amd64 1.8.2.1
2021-01-16 11:58:30 configure libsemanage1:amd64 2.8-2 <none>
2021-01-16 11:58:30 status unpacked libsemanage1:amd64 2.8-2
2021-01-16 11:58:30 status half-configured libsemanage1:amd64 2.8-2
2021-01-16 11:58:30 status installed libsemanage1:amd64 2.8-2
2021-01-16 11:58:30 configure tar:amd64 1.30+dfsg-6 <none>
2021-01-16 11:58:30 status unpacked tar:amd64 1.30+dfsg-6
2021-01-16 11:58:30 status half-configured tar:amd64 1.30+dfsg-6
2021-01-16 11:58:30 status installed tar:amd64 1.30+dfsg-6
2021-01-16 11:58:30 configure coreutils:amd64 8.30-3 <none>
2021-01-16 11:58:30 status unpacked coreutils:amd64 8.30-3
2021-01-16 11:58:30 status half-configured coreutils:amd64 8.30-3
2021-01-16 11:58:30 status installed coreutils:amd64 8.30-3
2021-01-16 11:58:30 configure fdisk:amd64 2.33.1-0.1 <none>
2021-01-16 11:58:30 status unpacked fdisk:amd64 2.33.1-0.1
2021-01-16 11:58:30 status half-configured fdisk:amd64 2.33.1-0.1
2021-01-16 11:58:30 status installed fdisk:amd64 2.33.1-0.1
2021-01-16 11:58:30 configure dpkg:amd64 1.19.7 <none>
2021-01-16 11:58:30 status unpacked dpkg:amd64 1.19.7
2021-01-16 11:58:30 status half-configured dpkg:amd64 1.19.7
2021-01-16 11:58:30 status installed dpkg:amd64 1.19.7
2021-01-16 11:58:30 configure grep:amd64 3.3-1 <none>
2021-01-16 11:58:30 status unpacked grep:amd64 3.3-1
2021-01-16 11:58:30 status half-configured grep:amd64 3.3-1
2021-01-16 11:58:30 status installed grep:amd64 3.3-1
2021-01-16 11:58:30 configure perl-base:amd64 5.28.1-6+deb10u1 <none>
2021-01-16 11:58:30 status unpacked perl-base:amd64 5.28.1-6+deb10u1
2021-01-16 11:58:30 status half-configured perl-base:amd64 5.28.1-6+deb10u1
2021-01-16 11:58:30 status installed perl-base:amd64 5.28.1-6+deb10u1
2021-01-16 11:58:30 configure init-system-helpers:all 1.56+nmu1 <none>
2021-01-16 11:58:30 status unpacked init-system-helpers:all 1.56+nmu1
2021-01-16 11:58:30 status half-configured init-system-helpers:all 1.56+nmu1
2021-01-16 11:58:30 status installed init-system-helpers:all 1.56+nmu1
2021-01-16 11:58:30 configure gzip:amd64 1.9-3 <none>
2021-01-16 11:58:30 status unpacked gzip:amd64 1.9-3
2021-01-16 11:58:30 status half-configured gzip:amd64 1.9-3
2021-01-16 11:58:30 status installed gzip:amd64 1.9-3
2021-01-16 11:58:30 configure debconf:all 1.5.71 <none>
2021-01-16 11:58:30 status unpacked debconf:all 1.5.71
2021-01-16 11:58:30 status half-configured debconf:all 1.5.71
2021-01-16 11:58:30 status installed debconf:all 1.5.71
2021-01-16 11:58:30 configure tzdata:all 2020d-0+deb10u1 <none>
2021-01-16 11:58:30 status unpacked tzdata:all 2020d-0+deb10u1
2021-01-16 11:58:30 status half-configured tzdata:all 2020d-0+deb10u1
2021-01-16 11:58:30 status installed tzdata:all 2020d-0+deb10u1
2021-01-16 11:58:30 configure libpam0g:amd64 1.3.1-5 <none>
2021-01-16 11:58:30 status unpacked libpam0g:amd64 1.3.1-5
2021-01-16 11:58:30 status half-configured libpam0g:amd64 1.3.1-5
2021-01-16 11:58:30 status installed libpam0g:amd64 1.3.1-5
2021-01-16 11:58:30 configure dash:amd64 0.5.10.2-5 <none>
2021-01-16 11:58:30 status unpacked dash:amd64 0.5.10.2-5
2021-01-16 11:58:30 status half-configured dash:amd64 0.5.10.2-5
2021-01-16 11:58:30 status installed dash:amd64 0.5.10.2-5
2021-01-16 11:58:30 configure libpam-modules-bin:amd64 1.3.1-5 <none>
2021-01-16 11:58:30 status unpacked libpam-modules-bin:amd64 1.3.1-5
2021-01-16 11:58:30 status half-configured libpam-modules-bin:amd64 1.3.1-5
2021-01-16 11:58:30 status installed libpam-modules-bin:amd64 1.3.1-5
2021-01-16 11:58:30 configure libpam-modules:amd64 1.3.1-5 <none>
2021-01-16 11:58:30 status unpacked libpam-modules:amd64 1.3.1-5
2021-01-16 11:58:30 status half-configured libpam-modules:amd64 1.3.1-5
2021-01-16 11:58:30 status installed libpam-modules:amd64 1.3.1-5
2021-01-16 11:58:30 configure passwd:amd64 1:4.5-1.1 <none>
2021-01-16 11:58:30 status unpacked passwd:amd64 1:4.5-1.1
2021-01-16 11:58:30 status half-configured passwd:amd64 1:4.5-1.1
2021-01-16 11:58:30 status installed passwd:amd64 1:4.5-1.1
2021-01-16 11:58:30 configure libpam-runtime:all 1.3.1-5 <none>
2021-01-16 11:58:30 status unpacked libpam-runtime:all 1.3.1-5
2021-01-16 11:58:30 status half-configured libpam-runtime:all 1.3.1-5
2021-01-16 11:58:30 status installed libpam-runtime:all 1.3.1-5
2021-01-16 11:58:30 configure login:amd64 1:4.5-1.1 <none>
2021-01-16 11:58:30 status unpacked login:amd64 1:4.5-1.1
2021-01-16 11:58:30 status half-configured login:amd64 1:4.5-1.1
2021-01-16 11:58:30 status installed login:amd64 1:4.5-1.1
2021-01-16 11:58:30 configure adduser:all 3.118 <none>
2021-01-16 11:58:30 status unpacked adduser:all 3.118
2021-01-16 11:58:30 status half-configured adduser:all 3.118
2021-01-16 11:58:30 status installed adduser:all 3.118
2021-01-16 11:58:30 configure apt:amd64 1.8.2.1 <none>
2021-01-16 11:58:30 status unpacked apt:amd64 1.8.2.1
2021-01-16 11:58:30 status half-configured apt:amd64 1.8.2.1
2021-01-16 11:58:31 status installed apt:amd64 1.8.2.1
2021-01-16 11:58:31 configure util-linux:amd64 2.33.1-0.1 <none>
2021-01-16 11:58:31 status unpacked util-linux:amd64 2.33.1-0.1
2021-01-16 11:58:31 status half-configured util-linux:amd64 2.33.1-0.1
2021-01-16 11:58:31 status installed util-linux:amd64 2.33.1-0.1
2021-01-16 11:58:31 configure mount:amd64 2.33.1-0.1 <none>
2021-01-16 11:58:31 status unpacked mount:amd64 2.33.1-0.1
2021-01-16 11:58:31 status half-configured mount:amd64 2.33.1-0.1
2021-01-16 11:58:31 status installed mount:amd64 2.33.1-0.1
2021-01-16 11:58:31 configure sysvinit-utils:amd64 2.93-8 <none>
2021-01-16 11:58:31 status unpacked sysvinit-utils:amd64 2.93-8
2021-01-16 11:58:31 status half-configured sysvinit-utils:amd64 2.93-8
2021-01-16 11:58:31 status installed sysvinit-utils:amd64 2.93-8
2021-01-16 11:58:31 trigproc libc-bin:amd64 2.28-10 <none>
2021-01-16 11:58:31 status half-configured libc-bin:amd64 2.28-10
2021-01-16 11:58:31 status installed libc-bin:amd64 2.28-10
2021-01-16 11:58:41 startup archives install
2021-01-16 11:58:41 install libapparmor1:amd64 <none> 2.13.2-10
2021-01-16 11:58:41 status triggers-pending libc-bin:amd64 2.28-10
2021-01-16 11:58:41 status half-installed libapparmor1:amd64 2.13.2-10
2021-01-16 11:58:41 status unpacked libapparmor1:amd64 2.13.2-10
2021-01-16 11:58:41 install libargon2-1:amd64 <none> 0~20171227-0.2
2021-01-16 11:58:41 status half-installed libargon2-1:amd64 0~20171227-0.2
2021-01-16 11:58:41 status unpacked libargon2-1:amd64 0~20171227-0.2
2021-01-16 11:58:41 install libcryptsetup12:amd64 <none> 2:2.1.0-5+deb10u2
2021-01-16 11:58:41 status half-installed libcryptsetup12:amd64 2:2.1.0-5+deb10u2
2021-01-16 11:58:41 status unpacked libcryptsetup12:amd64 2:2.1.0-5+deb10u2
2021-01-16 11:58:41 install libip4tc0:amd64 <none> 1.8.2-4
2021-01-16 11:58:41 status half-installed libip4tc0:amd64 1.8.2-4
2021-01-16 11:58:41 status unpacked libip4tc0:amd64 1.8.2-4
2021-01-16 11:58:41 install libjson-c3:amd64 <none> 0.12.1+ds-2+deb10u1
2021-01-16 11:58:41 status half-installed libjson-c3:amd64 0.12.1+ds-2+deb10u1
2021-01-16 11:58:41 status unpacked libjson-c3:amd64 0.12.1+ds-2+deb10u1
2021-01-16 11:58:41 install libkmod2:amd64 <none> 26-1
2021-01-16 11:58:41 status half-installed libkmod2:amd64 26-1
2021-01-16 11:58:41 status unpacked libkmod2:amd64 26-1
2021-01-16 11:58:41 install libcap2:amd64 <none> 1:2.25-2
2021-01-16 11:58:41 status half-installed libcap2:amd64 1:2.25-2
2021-01-16 11:58:41 status unpacked libcap2:amd64 1:2.25-2
2021-01-16 11:58:41 install libidn11:amd64 <none> 1.33-2.2
2021-01-16 11:58:41 status half-installed libidn11:amd64 1.33-2.2
2021-01-16 11:58:41 status unpacked libidn11:amd64 1.33-2.2
2021-01-16 11:58:41 install dmsetup:amd64 <none> 2:1.02.155-3
2021-01-16 11:58:41 status half-installed dmsetup:amd64 2:1.02.155-3
2021-01-16 11:58:41 status unpacked dmsetup:amd64 2:1.02.155-3
2021-01-16 11:58:41 install libdevmapper1.02.1:amd64 <none> 2:1.02.155-3
2021-01-16 11:58:41 status half-installed libdevmapper1.02.1:amd64 2:1.02.155-3
2021-01-16 11:58:41 status unpacked libdevmapper1.02.1:amd64 2:1.02.155-3
2021-01-16 11:58:41 install libssl1.1:amd64 <none> 1.1.1d-0+deb10u3
2021-01-16 11:58:41 status half-installed libssl1.1:amd64 1.1.1d-0+deb10u3
2021-01-16 11:58:41 status unpacked libssl1.1:amd64 1.1.1d-0+deb10u3
2021-01-16 11:58:41 install systemd:amd64 <none> 241-7~deb10u5
2021-01-16 11:58:41 status half-installed systemd:amd64 241-7~deb10u5
2021-01-16 11:58:42 status unpacked systemd:amd64 241-7~deb10u5
2021-01-16 11:58:42 configure libapparmor1:amd64 2.13.2-10 2.13.2-10
2021-01-16 11:58:42 status half-configured libapparmor1:amd64 2.13.2-10
2021-01-16 11:58:42 status installed libapparmor1:amd64 2.13.2-10
2021-01-16 11:58:42 configure libargon2-1:amd64 0~20171227-0.2 0~20171227-0.2
2021-01-16 11:58:42 status half-configured libargon2-1:amd64 0~20171227-0.2
2021-01-16 11:58:42 status installed libargon2-1:amd64 0~20171227-0.2
2021-01-16 11:58:42 configure libip4tc0:amd64 1.8.2-4 1.8.2-4
2021-01-16 11:58:42 status half-configured libip4tc0:amd64 1.8.2-4
2021-01-16 11:58:42 status installed libip4tc0:amd64 1.8.2-4
2021-01-16 11:58:42 configure libjson-c3:amd64 0.12.1+ds-2+deb10u1 0.12.1+ds-2+deb10u1
2021-01-16 11:58:42 status half-configured libjson-c3:amd64 0.12.1+ds-2+deb10u1
2021-01-16 11:58:42 status installed libjson-c3:amd64 0.12.1+ds-2+deb10u1
2021-01-16 11:58:42 configure libcap2:amd64 1:2.25-2 1:2.25-2
2021-01-16 11:58:42 status half-configured libcap2:amd64 1:2.25-2
2021-01-16 11:58:42 status installed libcap2:amd64 1:2.25-2
2021-01-16 11:58:42 configure libidn11:amd64 1.33-2.2 1.33-2.2
2021-01-16 11:58:42 status half-configured libidn11:amd64 1.33-2.2
2021-01-16 11:58:42 status installed libidn11:amd64 1.33-2.2
2021-01-16 11:58:42 configure libssl1.1:amd64 1.1.1d-0+deb10u3 1.1.1d-0+deb10u3
2021-01-16 11:58:42 status half-configured libssl1.1:amd64 1.1.1d-0+deb10u3
2021-01-16 11:58:42 status installed libssl1.1:amd64 1.1.1d-0+deb10u3
2021-01-16 11:58:42 configure libkmod2:amd64 26-1 26-1
2021-01-16 11:58:42 status half-configured libkmod2:amd64 26-1
2021-01-16 11:58:42 status installed libkmod2:amd64 26-1
2021-01-16 11:58:42 configure libdevmapper1.02.1:amd64 2:1.02.155-3 2:1.02.155-3
2021-01-16 11:58:42 status half-configured libdevmapper1.02.1:amd64 2:1.02.155-3
2021-01-16 11:58:42 status installed libdevmapper1.02.1:amd64 2:1.02.155-3
2021-01-16 11:58:42 configure libcryptsetup12:amd64 2:2.1.0-5+deb10u2 2:2.1.0-5+deb10u2
2021-01-16 11:58:42 status half-configured libcryptsetup12:amd64 2:2.1.0-5+deb10u2
2021-01-16 11:58:42 status installed libcryptsetup12:amd64 2:2.1.0-5+deb10u2
2021-01-16 11:58:42 configure dmsetup:amd64 2:1.02.155-3 2:1.02.155-3
2021-01-16 11:58:42 status half-configured dmsetup:amd64 2:1.02.155-3
2021-01-16 11:58:42 status installed dmsetup:amd64 2:1.02.155-3
2021-01-16 11:58:42 configure systemd:amd64 241-7~deb10u5 241-7~deb10u5
2021-01-16 11:58:42 status half-configured systemd:amd64 241-7~deb10u5
2021-01-16 11:58:42 status installed systemd:amd64 241-7~deb10u5
2021-01-16 11:58:42 trigproc libc-bin:amd64 2.28-10 <none>
2021-01-16 11:58:42 status half-configured libc-bin:amd64 2.28-10
2021-01-16 11:58:42 status installed libc-bin:amd64 2.28-10
2021-01-16 11:58:53 startup archives install
2021-01-16 11:58:53 install systemd-sysv:amd64 <none> 241-7~deb10u5
2021-01-16 11:58:53 status half-installed systemd-sysv:amd64 241-7~deb10u5
2021-01-16 11:58:53 status unpacked systemd-sysv:amd64 241-7~deb10u5
2021-01-16 11:58:53 configure systemd-sysv:amd64 241-7~deb10u5 241-7~deb10u5
2021-01-16 11:58:53 status half-configured systemd-sysv:amd64 241-7~deb10u5
2021-01-16 11:58:53 status installed systemd-sysv:amd64 241-7~deb10u5
2021-01-16 11:58:53 startup archives unpack
2021-01-16 11:58:53 install apt-utils:amd64 <none> 1.8.2.1
2021-01-16 11:58:53 status half-installed apt-utils:amd64 1.8.2.1
2021-01-16 11:58:53 status unpacked apt-utils:amd64 1.8.2.1
2021-01-16 11:58:53 install libapt-inst2.0:amd64 <none> 1.8.2.1
2021-01-16 11:58:53 status triggers-pending libc-bin:amd64 2.28-10
2021-01-16 11:58:53 status half-installed libapt-inst2.0:amd64 1.8.2.1
2021-01-16 11:58:53 status unpacked libapt-inst2.0:amd64 1.8.2.1
2021-01-16 11:58:53 install libdns-export1104:amd64 <none> 1:9.11.5.P4+dfsg-5.1+deb10u2
2021-01-16 11:58:53 status half-installed libdns-export1104:amd64 1:9.11.5.P4+dfsg-5.1+deb10u2
2021-01-16 11:58:53 status unpacked libdns-export1104:amd64 1:9.11.5.P4+dfsg-5.1+deb10u2
2021-01-16 11:58:53 install libisc-export1100:amd64 <none> 1:9.11.5.P4+dfsg-5.1+deb10u2
2021-01-16 11:58:53 status half-installed libisc-export1100:amd64 1:9.11.5.P4+dfsg-5.1+deb10u2
2021-01-16 11:58:53 status unpacked libisc-export1100:amd64 1:9.11.5.P4+dfsg-5.1+deb10u2
2021-01-16 11:58:53 install bsdmainutils:amd64 <none> 11.1.2+b1
2021-01-16 11:58:53 status half-installed bsdmainutils:amd64 11.1.2+b1
2021-01-16 11:58:53 status unpacked bsdmainutils:amd64 11.1.2+b1
2021-01-16 11:58:53 install ca-certificates:all <none> 20190110
2021-01-16 11:58:53 status half-installed ca-certificates:all 20190110
2021-01-16 11:58:53 status unpacked ca-certificates:all 20190110
2021-01-16 11:58:53 install cpio:amd64 <none> 2.12+dfsg-9
2021-01-16 11:58:53 status half-installed cpio:amd64 2.12+dfsg-9
2021-01-16 11:58:54 status unpacked cpio:amd64 2.12+dfsg-9
2021-01-16 11:58:54 install cron:amd64 <none> 3.0pl1-134+deb10u1
2021-01-16 11:58:54 status half-installed cron:amd64 3.0pl1-134+deb10u1
2021-01-16 11:58:54 status triggers-pending systemd:amd64 241-7~deb10u5
2021-01-16 11:58:54 status unpacked cron:amd64 3.0pl1-134+deb10u1
2021-01-16 11:58:54 install debconf-i18n:all <none> 1.5.71
2021-01-16 11:58:54 status half-installed debconf-i18n:all 1.5.71
2021-01-16 11:58:54 status unpacked debconf-i18n:all 1.5.71
2021-01-16 11:58:54 install dmidecode:amd64 <none> 3.2-1
2021-01-16 11:58:54 status half-installed dmidecode:amd64 3.2-1
2021-01-16 11:58:54 status unpacked dmidecode:amd64 3.2-1
2021-01-16 11:58:54 install libelf1:amd64 <none> 0.176-1.1
2021-01-16 11:58:54 status half-installed libelf1:amd64 0.176-1.1
2021-01-16 11:58:54 status unpacked libelf1:amd64 0.176-1.1
2021-01-16 11:58:54 install gdbm-l10n:all <none> 1.18.1-4
2021-01-16 11:58:54 status half-installed gdbm-l10n:all 1.18.1-4
2021-01-16 11:58:54 status unpacked gdbm-l10n:all 1.18.1-4
2021-01-16 11:58:54 install ifupdown:amd64 <none> 0.8.35
2021-01-16 11:58:54 status half-installed ifupdown:amd64 0.8.35
2021-01-16 11:58:54 status unpacked ifupdown:amd64 0.8.35
2021-01-16 11:58:54 install init:amd64 <none> 1.56+nmu1
2021-01-16 11:58:54 status half-installed init:amd64 1.56+nmu1
2021-01-16 11:58:54 status unpacked init:amd64 1.56+nmu1
2021-01-16 11:58:54 install iproute2:amd64 <none> 4.20.0-2
2021-01-16 11:58:54 status half-installed iproute2:amd64 4.20.0-2
2021-01-16 11:58:54 status unpacked iproute2:amd64 4.20.0-2
2021-01-16 11:58:54 install iptables:amd64 <none> 1.8.2-4
2021-01-16 11:58:54 status half-installed iptables:amd64 1.8.2-4
2021-01-16 11:58:54 status unpacked iptables:amd64 1.8.2-4
2021-01-16 11:58:54 install libip6tc0:amd64 <none> 1.8.2-4
2021-01-16 11:58:54 status half-installed libip6tc0:amd64 1.8.2-4
2021-01-16 11:58:54 status unpacked libip6tc0:amd64 1.8.2-4
2021-01-16 11:58:54 install libiptc0:amd64 <none> 1.8.2-4
2021-01-16 11:58:54 status half-installed libiptc0:amd64 1.8.2-4
2021-01-16 11:58:54 status unpacked libiptc0:amd64 1.8.2-4
2021-01-16 11:58:54 install libxtables12:amd64 <none> 1.8.2-4
2021-01-16 11:58:54 status half-installed libxtables12:amd64 1.8.2-4
2021-01-16 11:58:54 status unpacked libxtables12:amd64 1.8.2-4
2021-01-16 11:58:54 install iputils-ping:amd64 <none> 3:20180629-2+deb10u1
2021-01-16 11:58:54 status half-installed iputils-ping:amd64 3:20180629-2+deb10u1
2021-01-16 11:58:54 status unpacked iputils-ping:amd64 3:20180629-2+deb10u1
2021-01-16 11:58:54 install isc-dhcp-client:amd64 <none> 4.4.1-2
2021-01-16 11:58:54 status half-installed isc-dhcp-client:amd64 4.4.1-2
2021-01-16 11:58:54 status unpacked isc-dhcp-client:amd64 4.4.1-2
2021-01-16 11:58:54 install isc-dhcp-common:amd64 <none> 4.4.1-2
2021-01-16 11:58:54 status half-installed isc-dhcp-common:amd64 4.4.1-2
2021-01-16 11:58:54 status unpacked isc-dhcp-common:amd64 4.4.1-2
2021-01-16 11:58:54 install kmod:amd64 <none> 26-1
2021-01-16 11:58:54 status half-installed kmod:amd64 26-1
2021-01-16 11:58:54 status unpacked kmod:amd64 26-1
2021-01-16 11:58:54 install less:amd64 <none> 487-0.1+b1
2021-01-16 11:58:54 status half-installed less:amd64 487-0.1+b1
2021-01-16 11:58:54 status unpacked less:amd64 487-0.1+b1
2021-01-16 11:58:54 install libbsd0:amd64 <none> 0.9.1-2
2021-01-16 11:58:54 status half-installed libbsd0:amd64 0.9.1-2
2021-01-16 11:58:54 status unpacked libbsd0:amd64 0.9.1-2
2021-01-16 11:58:54 install libcap2-bin:amd64 <none> 1:2.25-2
2021-01-16 11:58:54 status half-installed libcap2-bin:amd64 1:2.25-2
2021-01-16 11:58:54 status unpacked libcap2-bin:amd64 1:2.25-2
2021-01-16 11:58:54 install libestr0:amd64 <none> 0.1.10-2.1
2021-01-16 11:58:54 status half-installed libestr0:amd64 0.1.10-2.1
2021-01-16 11:58:54 status unpacked libestr0:amd64 0.1.10-2.1
2021-01-16 11:58:54 install libfastjson4:amd64 <none> 0.99.8-2
2021-01-16 11:58:54 status half-installed libfastjson4:amd64 0.99.8-2
2021-01-16 11:58:54 status unpacked libfastjson4:amd64 0.99.8-2
2021-01-16 11:58:54 install liblocale-gettext-perl:amd64 <none> 1.07-3+b4
2021-01-16 11:58:54 status half-installed liblocale-gettext-perl:amd64 1.07-3+b4
2021-01-16 11:58:55 status unpacked liblocale-gettext-perl:amd64 1.07-3+b4
2021-01-16 11:58:55 install liblognorm5:amd64 <none> 2.0.5-1
2021-01-16 11:58:55 status half-installed liblognorm5:amd64 2.0.5-1
2021-01-16 11:58:55 status unpacked liblognorm5:amd64 2.0.5-1
2021-01-16 11:58:55 install libmnl0:amd64 <none> 1.0.4-2
2021-01-16 11:58:55 status half-installed libmnl0:amd64 1.0.4-2
2021-01-16 11:58:55 status unpacked libmnl0:amd64 1.0.4-2
2021-01-16 11:58:55 install libnetfilter-conntrack3:amd64 <none> 1.0.7-1
2021-01-16 11:58:55 status half-installed libnetfilter-conntrack3:amd64 1.0.7-1
2021-01-16 11:58:55 status unpacked libnetfilter-conntrack3:amd64 1.0.7-1
2021-01-16 11:58:55 install libnfnetlink0:amd64 <none> 1.0.1-3+b1
2021-01-16 11:58:55 status half-installed libnfnetlink0:amd64 1.0.1-3+b1
2021-01-16 11:58:55 status unpacked libnfnetlink0:amd64 1.0.1-3+b1
2021-01-16 11:58:55 install libnftnl11:amd64 <none> 1.1.2-2
2021-01-16 11:58:55 status half-installed libnftnl11:amd64 1.1.2-2
2021-01-16 11:58:55 status unpacked libnftnl11:amd64 1.1.2-2
2021-01-16 11:58:55 install libtext-charwidth-perl:amd64 <none> 0.04-7.1+b1
2021-01-16 11:58:55 status half-installed libtext-charwidth-perl:amd64 0.04-7.1+b1
2021-01-16 11:58:55 status unpacked libtext-charwidth-perl:amd64 0.04-7.1+b1
2021-01-16 11:58:55 install libtext-iconv-perl:amd64 <none> 1.7-5+b7
2021-01-16 11:58:55 status half-installed libtext-iconv-perl:amd64 1.7-5+b7
2021-01-16 11:58:55 status unpacked libtext-iconv-perl:amd64 1.7-5+b7
2021-01-16 11:58:55 install libtext-wrapi18n-perl:all <none> 0.06-7.1
2021-01-16 11:58:55 status half-installed libtext-wrapi18n-perl:all 0.06-7.1
2021-01-16 11:58:55 status unpacked libtext-wrapi18n-perl:all 0.06-7.1
2021-01-16 11:58:55 install logrotate:amd64 <none> 3.14.0-4
2021-01-16 11:58:55 status half-installed logrotate:amd64 3.14.0-4
2021-01-16 11:58:55 status unpacked logrotate:amd64 3.14.0-4
2021-01-16 11:58:55 install lsb-base:all <none> 10.2019051400
2021-01-16 11:58:55 status half-installed lsb-base:all 10.2019051400
2021-01-16 11:58:55 status unpacked lsb-base:all 10.2019051400
2021-01-16 11:58:55 install nano:amd64 <none> 3.2-3
2021-01-16 11:58:55 status half-installed nano:amd64 3.2-3
2021-01-16 11:58:55 status unpacked nano:amd64 3.2-3
2021-01-16 11:58:55 install libncurses6:amd64 <none> 6.1+20181013-2+deb10u2
2021-01-16 11:58:55 status half-installed libncurses6:amd64 6.1+20181013-2+deb10u2
2021-01-16 11:58:55 status unpacked libncurses6:amd64 6.1+20181013-2+deb10u2
2021-01-16 11:58:55 install netbase:all <none> 5.6
2021-01-16 11:58:55 status half-installed netbase:all 5.6
2021-01-16 11:58:55 status unpacked netbase:all 5.6
2021-01-16 11:58:55 install libnewt0.52:amd64 <none> 0.52.20-8
2021-01-16 11:58:55 status half-installed libnewt0.52:amd64 0.52.20-8
2021-01-16 11:58:55 status unpacked libnewt0.52:amd64 0.52.20-8
2021-01-16 11:58:55 install whiptail:amd64 <none> 0.52.20-8
2021-01-16 11:58:55 status half-installed whiptail:amd64 0.52.20-8
2021-01-16 11:58:55 status unpacked whiptail:amd64 0.52.20-8
2021-01-16 11:58:55 install openssl:amd64 <none> 1.1.1d-0+deb10u3
2021-01-16 11:58:55 status half-installed openssl:amd64 1.1.1d-0+deb10u3
2021-01-16 11:58:55 status unpacked openssl:amd64 1.1.1d-0+deb10u3
2021-01-16 11:58:55 install libpopt0:amd64 <none> 1.16-12
2021-01-16 11:58:55 status half-installed libpopt0:amd64 1.16-12
2021-01-16 11:58:55 status unpacked libpopt0:amd64 1.16-12
2021-01-16 11:58:55 install libprocps7:amd64 <none> 2:3.3.15-2
2021-01-16 11:58:55 status half-installed libprocps7:amd64 2:3.3.15-2
2021-01-16 11:58:55 status unpacked libprocps7:amd64 2:3.3.15-2
2021-01-16 11:58:55 install procps:amd64 <none> 2:3.3.15-2
2021-01-16 11:58:55 status half-installed procps:amd64 2:3.3.15-2
2021-01-16 11:58:55 status unpacked procps:amd64 2:3.3.15-2
2021-01-16 11:58:55 install readline-common:all <none> 7.0-5
2021-01-16 11:58:55 status half-installed readline-common:all 7.0-5
2021-01-16 11:58:55 status unpacked readline-common:all 7.0-5
2021-01-16 11:58:55 install rsyslog:amd64 <none> 8.1901.0-1
2021-01-16 11:58:55 status half-installed rsyslog:amd64 8.1901.0-1
2021-01-16 11:58:55 status unpacked rsyslog:amd64 8.1901.0-1
2021-01-16 11:58:55 install sensible-utils:all <none> 0.0.12
2021-01-16 11:58:55 status half-installed sensible-utils:all 0.0.12
2021-01-16 11:58:55 status unpacked sensible-utils:all 0.0.12
2021-01-16 11:58:55 install libslang2:amd64 <none> 2.3.2-2
2021-01-16 11:58:55 status half-installed libslang2:amd64 2.3.2-2
2021-01-16 11:58:55 status unpacked libslang2:amd64 2.3.2-2
2021-01-16 11:58:55 install udev:amd64 <none> 241-7~deb10u5
2021-01-16 11:58:55 status half-installed udev:amd64 241-7~deb10u5
2021-01-16 11:58:56 status unpacked udev:amd64 241-7~deb10u5
2021-01-16 11:58:56 install tasksel:all <none> 3.53
2021-01-16 11:58:56 status half-installed tasksel:all 3.53
2021-01-16 11:58:56 status unpacked tasksel:all 3.53
2021-01-16 11:58:56 install tasksel-data:all <none> 3.53
2021-01-16 11:58:56 status half-installed tasksel-data:all 3.53
2021-01-16 11:58:56 status unpacked tasksel-data:all 3.53
2021-01-16 11:58:56 install vim-common:all <none> 2:8.1.0875-5
2021-01-16 11:58:56 status half-installed vim-common:all 2:8.1.0875-5
2021-01-16 11:58:56 status unpacked vim-common:all 2:8.1.0875-5
2021-01-16 11:58:56 install vim-tiny:amd64 <none> 2:8.1.0875-5
2021-01-16 11:58:56 status half-installed vim-tiny:amd64 2:8.1.0875-5
2021-01-16 11:58:56 status unpacked vim-tiny:amd64 2:8.1.0875-5
2021-01-16 11:58:56 install xxd:amd64 <none> 2:8.1.0875-5
2021-01-16 11:58:56 status half-installed xxd:amd64 2:8.1.0875-5
2021-01-16 11:58:56 status unpacked xxd:amd64 2:8.1.0875-5
2021-01-16 11:58:56 trigproc libc-bin:amd64 2.28-10 <none>
2021-01-16 11:58:56 status half-configured libc-bin:amd64 2.28-10
2021-01-16 11:58:56 status installed libc-bin:amd64 2.28-10
2021-01-16 11:58:56 trigproc systemd:amd64 241-7~deb10u5 <none>
2021-01-16 11:58:56 status half-configured systemd:amd64 241-7~deb10u5
2021-01-16 11:58:56 status installed systemd:amd64 241-7~deb10u5
2021-01-16 11:58:56 startup packages configure
2021-01-16 11:58:56 configure cpio:amd64 2.12+dfsg-9 <none>
2021-01-16 11:58:56 status unpacked cpio:amd64 2.12+dfsg-9
2021-01-16 11:58:56 status half-configured cpio:amd64 2.12+dfsg-9
2021-01-16 11:58:56 status installed cpio:amd64 2.12+dfsg-9
2021-01-16 11:58:56 configure libtext-iconv-perl:amd64 1.7-5+b7 <none>
2021-01-16 11:58:56 status unpacked libtext-iconv-perl:amd64 1.7-5+b7
2021-01-16 11:58:56 status half-configured libtext-iconv-perl:amd64 1.7-5+b7
2021-01-16 11:58:56 status installed libtext-iconv-perl:amd64 1.7-5+b7
2021-01-16 11:58:56 configure libtext-charwidth-perl:amd64 0.04-7.1+b1 <none>
2021-01-16 11:58:56 status unpacked libtext-charwidth-perl:amd64 0.04-7.1+b1
2021-01-16 11:58:56 status half-configured libtext-charwidth-perl:amd64 0.04-7.1+b1
2021-01-16 11:58:56 status installed libtext-charwidth-perl:amd64 0.04-7.1+b1
2021-01-16 11:58:56 configure lsb-base:all 10.2019051400 <none>
2021-01-16 11:58:56 status unpacked lsb-base:all 10.2019051400
2021-01-16 11:58:56 status half-configured lsb-base:all 10.2019051400
2021-01-16 11:58:56 status installed lsb-base:all 10.2019051400
2021-01-16 11:58:56 configure libip6tc0:amd64 1.8.2-4 <none>
2021-01-16 11:58:56 status triggers-pending libc-bin:amd64 2.28-10
2021-01-16 11:58:56 status unpacked libip6tc0:amd64 1.8.2-4
2021-01-16 11:58:56 status half-configured libip6tc0:amd64 1.8.2-4
2021-01-16 11:58:56 status installed libip6tc0:amd64 1.8.2-4
2021-01-16 11:58:56 configure init:amd64 1.56+nmu1 <none>
2021-01-16 11:58:56 status unpacked init:amd64 1.56+nmu1
2021-01-16 11:58:56 status half-configured init:amd64 1.56+nmu1
2021-01-16 11:58:56 status installed init:amd64 1.56+nmu1
2021-01-16 11:58:56 configure libestr0:amd64 0.1.10-2.1 <none>
2021-01-16 11:58:56 status unpacked libestr0:amd64 0.1.10-2.1
2021-01-16 11:58:56 status half-configured libestr0:amd64 0.1.10-2.1
2021-01-16 11:58:56 status installed libestr0:amd64 0.1.10-2.1
2021-01-16 11:58:56 configure libfastjson4:amd64 0.99.8-2 <none>
2021-01-16 11:58:56 status unpacked libfastjson4:amd64 0.99.8-2
2021-01-16 11:58:56 status half-configured libfastjson4:amd64 0.99.8-2
2021-01-16 11:58:56 status installed libfastjson4:amd64 0.99.8-2
2021-01-16 11:58:56 configure libprocps7:amd64 2:3.3.15-2 <none>
2021-01-16 11:58:56 status unpacked libprocps7:amd64 2:3.3.15-2
2021-01-16 11:58:56 status half-configured libprocps7:amd64 2:3.3.15-2
2021-01-16 11:58:56 status installed libprocps7:amd64 2:3.3.15-2
2021-01-16 11:58:56 configure less:amd64 487-0.1+b1 <none>
2021-01-16 11:58:56 status unpacked less:amd64 487-0.1+b1
2021-01-16 11:58:56 status half-configured less:amd64 487-0.1+b1
2021-01-16 11:58:56 status installed less:amd64 487-0.1+b1
2021-01-16 11:58:56 configure kmod:amd64 26-1 <none>
2021-01-16 11:58:56 status unpacked kmod:amd64 26-1
2021-01-16 11:58:56 status triggers-pending systemd:amd64 241-7~deb10u5
2021-01-16 11:58:56 status half-configured kmod:amd64 26-1
2021-01-16 11:58:56 status installed kmod:amd64 26-1
2021-01-16 11:58:56 configure libapt-inst2.0:amd64 1.8.2.1 <none>
2021-01-16 11:58:56 status unpacked libapt-inst2.0:amd64 1.8.2.1
2021-01-16 11:58:56 status half-configured libapt-inst2.0:amd64 1.8.2.1
2021-01-16 11:58:56 status installed libapt-inst2.0:amd64 1.8.2.1
2021-01-16 11:58:56 configure libtext-wrapi18n-perl:all 0.06-7.1 <none>
2021-01-16 11:58:56 status unpacked libtext-wrapi18n-perl:all 0.06-7.1
2021-01-16 11:58:56 status half-configured libtext-wrapi18n-perl:all 0.06-7.1
2021-01-16 11:58:56 status installed libtext-wrapi18n-perl:all 0.06-7.1
2021-01-16 11:58:56 configure xxd:amd64 2:8.1.0875-5 <none>
2021-01-16 11:58:56 status unpacked xxd:amd64 2:8.1.0875-5
2021-01-16 11:58:56 status half-configured xxd:amd64 2:8.1.0875-5
2021-01-16 11:58:56 status installed xxd:amd64 2:8.1.0875-5
2021-01-16 11:58:56 configure libcap2-bin:amd64 1:2.25-2 <none>
2021-01-16 11:58:56 status unpacked libcap2-bin:amd64 1:2.25-2
2021-01-16 11:58:56 status half-configured libcap2-bin:amd64 1:2.25-2
2021-01-16 11:58:56 status installed libcap2-bin:amd64 1:2.25-2
2021-01-16 11:58:56 configure vim-common:all 2:8.1.0875-5 <none>
2021-01-16 11:58:56 status unpacked vim-common:all 2:8.1.0875-5
2021-01-16 11:58:56 status half-configured vim-common:all 2:8.1.0875-5
2021-01-16 11:58:56 status installed vim-common:all 2:8.1.0875-5
2021-01-16 11:58:56 configure libslang2:amd64 2.3.2-2 <none>
2021-01-16 11:58:56 status unpacked libslang2:amd64 2.3.2-2
2021-01-16 11:58:56 status half-configured libslang2:amd64 2.3.2-2
2021-01-16 11:58:56 status installed libslang2:amd64 2.3.2-2
2021-01-16 11:58:56 configure libiptc0:amd64 1.8.2-4 <none>
2021-01-16 11:58:56 status unpacked libiptc0:amd64 1.8.2-4
2021-01-16 11:58:56 status half-configured libiptc0:amd64 1.8.2-4
2021-01-16 11:58:56 status installed libiptc0:amd64 1.8.2-4
2021-01-16 11:58:56 configure libncurses6:amd64 6.1+20181013-2+deb10u2 <none>
2021-01-16 11:58:56 status unpacked libncurses6:amd64 6.1+20181013-2+deb10u2
2021-01-16 11:58:56 status half-configured libncurses6:amd64 6.1+20181013-2+deb10u2
2021-01-16 11:58:56 status installed libncurses6:amd64 6.1+20181013-2+deb10u2
2021-01-16 11:58:56 configure libmnl0:amd64 1.0.4-2 <none>
2021-01-16 11:58:56 status unpacked libmnl0:amd64 1.0.4-2
2021-01-16 11:58:56 status half-configured libmnl0:amd64 1.0.4-2
2021-01-16 11:58:56 status installed libmnl0:amd64 1.0.4-2
2021-01-16 11:58:56 configure udev:amd64 241-7~deb10u5 <none>
2021-01-16 11:58:56 status unpacked udev:amd64 241-7~deb10u5
2021-01-16 11:58:56 status half-configured udev:amd64 241-7~deb10u5
2021-01-16 11:58:57 status installed udev:amd64 241-7~deb10u5
2021-01-16 11:58:57 configure libxtables12:amd64 1.8.2-4 <none>
2021-01-16 11:58:57 status unpacked libxtables12:amd64 1.8.2-4
2021-01-16 11:58:57 status half-configured libxtables12:amd64 1.8.2-4
2021-01-16 11:58:57 status installed libxtables12:amd64 1.8.2-4
2021-01-16 11:58:57 configure gdbm-l10n:all 1.18.1-4 <none>
2021-01-16 11:58:57 status unpacked gdbm-l10n:all 1.18.1-4
2021-01-16 11:58:57 status half-configured gdbm-l10n:all 1.18.1-4
2021-01-16 11:58:57 status installed gdbm-l10n:all 1.18.1-4
2021-01-16 11:58:57 configure libisc-export1100:amd64 1:9.11.5.P4+dfsg-5.1+deb10u2 <none>
2021-01-16 11:58:57 status unpacked libisc-export1100:amd64 1:9.11.5.P4+dfsg-5.1+deb10u2
2021-01-16 11:58:57 status half-configured libisc-export1100:amd64 1:9.11.5.P4+dfsg-5.1+deb10u2
2021-01-16 11:58:57 status installed libisc-export1100:amd64 1:9.11.5.P4+dfsg-5.1+deb10u2
2021-01-16 11:58:57 configure liblognorm5:amd64 2.0.5-1 <none>
2021-01-16 11:58:57 status unpacked liblognorm5:amd64 2.0.5-1
2021-01-16 11:58:57 status half-configured liblognorm5:amd64 2.0.5-1
2021-01-16 11:58:57 status installed liblognorm5:amd64 2.0.5-1
2021-01-16 11:58:57 configure nano:amd64 3.2-3 <none>
2021-01-16 11:58:57 status unpacked nano:amd64 3.2-3
2021-01-16 11:58:57 status half-configured nano:amd64 3.2-3
2021-01-16 11:58:57 status installed nano:amd64 3.2-3
2021-01-16 11:58:57 configure sensible-utils:all 0.0.12 <none>
2021-01-16 11:58:57 status unpacked sensible-utils:all 0.0.12
2021-01-16 11:58:57 status half-configured sensible-utils:all 0.0.12
2021-01-16 11:58:57 status installed sensible-utils:all 0.0.12
2021-01-16 11:58:57 configure libnfnetlink0:amd64 1.0.1-3+b1 <none>
2021-01-16 11:58:57 status unpacked libnfnetlink0:amd64 1.0.1-3+b1
2021-01-16 11:58:57 status half-configured libnfnetlink0:amd64 1.0.1-3+b1
2021-01-16 11:58:57 status installed libnfnetlink0:amd64 1.0.1-3+b1
2021-01-16 11:58:57 configure procps:amd64 2:3.3.15-2 <none>
2021-01-16 11:58:57 status unpacked procps:amd64 2:3.3.15-2
2021-01-16 11:58:57 status half-configured procps:amd64 2:3.3.15-2
2021-01-16 11:58:57 status installed procps:amd64 2:3.3.15-2
2021-01-16 11:58:57 configure netbase:all 5.6 <none>
2021-01-16 11:58:57 status unpacked netbase:all 5.6
2021-01-16 11:58:57 status half-configured netbase:all 5.6
2021-01-16 11:58:57 status installed netbase:all 5.6
2021-01-16 11:58:57 configure isc-dhcp-common:amd64 4.4.1-2 <none>
2021-01-16 11:58:57 status unpacked isc-dhcp-common:amd64 4.4.1-2
2021-01-16 11:58:57 status half-configured isc-dhcp-common:amd64 4.4.1-2
2021-01-16 11:58:57 status installed isc-dhcp-common:amd64 4.4.1-2
2021-01-16 11:58:57 configure dmidecode:amd64 3.2-1 <none>
2021-01-16 11:58:57 status unpacked dmidecode:amd64 3.2-1
2021-01-16 11:58:57 status half-configured dmidecode:amd64 3.2-1
2021-01-16 11:58:57 status installed dmidecode:amd64 3.2-1
2021-01-16 11:58:57 configure openssl:amd64 1.1.1d-0+deb10u3 <none>
2021-01-16 11:58:57 status unpacked openssl:amd64 1.1.1d-0+deb10u3
2021-01-16 11:58:57 status half-configured openssl:amd64 1.1.1d-0+deb10u3
2021-01-16 11:58:57 status installed openssl:amd64 1.1.1d-0+deb10u3
2021-01-16 11:58:57 configure libbsd0:amd64 0.9.1-2 <none>
2021-01-16 11:58:57 status unpacked libbsd0:amd64 0.9.1-2
2021-01-16 11:58:57 status half-configured libbsd0:amd64 0.9.1-2
2021-01-16 11:58:57 status installed libbsd0:amd64 0.9.1-2
2021-01-16 11:58:57 configure libelf1:amd64 0.176-1.1 <none>
2021-01-16 11:58:57 status unpacked libelf1:amd64 0.176-1.1
2021-01-16 11:58:57 status half-configured libelf1:amd64 0.176-1.1
2021-01-16 11:58:57 status installed libelf1:amd64 0.176-1.1
2021-01-16 11:58:57 configure libdns-export1104:amd64 1:9.11.5.P4+dfsg-5.1+deb10u2 <none>
2021-01-16 11:58:57 status unpacked libdns-export1104:amd64 1:9.11.5.P4+dfsg-5.1+deb10u2
2021-01-16 11:58:57 status half-configured libdns-export1104:amd64 1:9.11.5.P4+dfsg-5.1+deb10u2
2021-01-16 11:58:57 status installed libdns-export1104:amd64 1:9.11.5.P4+dfsg-5.1+deb10u2
2021-01-16 11:58:57 configure iputils-ping:amd64 3:20180629-2+deb10u1 <none>
2021-01-16 11:58:57 status unpacked iputils-ping:amd64 3:20180629-2+deb10u1
2021-01-16 11:58:57 status half-configured iputils-ping:amd64 3:20180629-2+deb10u1
2021-01-16 11:58:57 status installed iputils-ping:amd64 3:20180629-2+deb10u1
2021-01-16 11:58:57 configure readline-common:all 7.0-5 <none>
2021-01-16 11:58:57 status unpacked readline-common:all 7.0-5
2021-01-16 11:58:57 status half-configured readline-common:all 7.0-5
2021-01-16 11:58:57 status installed readline-common:all 7.0-5
2021-01-16 11:58:57 configure liblocale-gettext-perl:amd64 1.07-3+b4 <none>
2021-01-16 11:58:57 status unpacked liblocale-gettext-perl:amd64 1.07-3+b4
2021-01-16 11:58:57 status half-configured liblocale-gettext-perl:amd64 1.07-3+b4
2021-01-16 11:58:57 status installed liblocale-gettext-perl:amd64 1.07-3+b4
2021-01-16 11:58:57 configure libpopt0:amd64 1.16-12 <none>
2021-01-16 11:58:57 status unpacked libpopt0:amd64 1.16-12
2021-01-16 11:58:57 status half-configured libpopt0:amd64 1.16-12
2021-01-16 11:58:57 status installed libpopt0:amd64 1.16-12
2021-01-16 11:58:57 configure logrotate:amd64 3.14.0-4 <none>
2021-01-16 11:58:57 status unpacked logrotate:amd64 3.14.0-4
2021-01-16 11:58:57 status half-configured logrotate:amd64 3.14.0-4
2021-01-16 11:58:57 status installed logrotate:amd64 3.14.0-4
2021-01-16 11:58:57 configure libnewt0.52:amd64 0.52.20-8 <none>
2021-01-16 11:58:57 status unpacked libnewt0.52:amd64 0.52.20-8
2021-01-16 11:58:57 status half-configured libnewt0.52:amd64 0.52.20-8
2021-01-16 11:58:57 status installed libnewt0.52:amd64 0.52.20-8
2021-01-16 11:58:57 configure apt-utils:amd64 1.8.2.1 <none>
2021-01-16 11:58:57 status unpacked apt-utils:amd64 1.8.2.1
2021-01-16 11:58:57 status half-configured apt-utils:amd64 1.8.2.1
2021-01-16 11:58:57 status installed apt-utils:amd64 1.8.2.1
2021-01-16 11:58:57 configure iproute2:amd64 4.20.0-2 <none>
2021-01-16 11:58:57 status unpacked iproute2:amd64 4.20.0-2
2021-01-16 11:58:57 status half-configured iproute2:amd64 4.20.0-2
2021-01-16 11:58:57 status installed iproute2:amd64 4.20.0-2
2021-01-16 11:58:57 configure cron:amd64 3.0pl1-134+deb10u1 <none>
2021-01-16 11:58:57 status unpacked cron:amd64 3.0pl1-134+deb10u1
2021-01-16 11:58:57 status half-configured cron:amd64 3.0pl1-134+deb10u1
2021-01-16 11:58:58 status installed cron:amd64 3.0pl1-134+deb10u1
2021-01-16 11:58:58 configure rsyslog:amd64 8.1901.0-1 <none>
2021-01-16 11:58:58 status unpacked rsyslog:amd64 8.1901.0-1
2021-01-16 11:58:58 status half-configured rsyslog:amd64 8.1901.0-1
2021-01-16 11:58:58 status installed rsyslog:amd64 8.1901.0-1
2021-01-16 11:58:58 configure isc-dhcp-client:amd64 4.4.1-2 <none>
2021-01-16 11:58:58 status unpacked isc-dhcp-client:amd64 4.4.1-2
2021-01-16 11:58:58 status half-configured isc-dhcp-client:amd64 4.4.1-2
2021-01-16 11:58:58 status installed isc-dhcp-client:amd64 4.4.1-2
2021-01-16 11:58:58 configure debconf-i18n:all 1.5.71 <none>
2021-01-16 11:58:58 status unpacked debconf-i18n:all 1.5.71
2021-01-16 11:58:58 status half-configured debconf-i18n:all 1.5.71
2021-01-16 11:58:58 status installed debconf-i18n:all 1.5.71
2021-01-16 11:58:58 configure libnftnl11:amd64 1.1.2-2 <none>
2021-01-16 11:58:58 status unpacked libnftnl11:amd64 1.1.2-2
2021-01-16 11:58:58 status half-configured libnftnl11:amd64 1.1.2-2
2021-01-16 11:58:58 status installed libnftnl11:amd64 1.1.2-2
2021-01-16 11:58:58 configure vim-tiny:amd64 2:8.1.0875-5 <none>
2021-01-16 11:58:58 status unpacked vim-tiny:amd64 2:8.1.0875-5
2021-01-16 11:58:58 status half-configured vim-tiny:amd64 2:8.1.0875-5
2021-01-16 11:58:58 status installed vim-tiny:amd64 2:8.1.0875-5
2021-01-16 11:58:58 configure ca-certificates:all 20190110 <none>
2021-01-16 11:58:58 status unpacked ca-certificates:all 20190110
2021-01-16 11:58:58 status half-configured ca-certificates:all 20190110
2021-01-16 11:58:59 status installed ca-certificates:all 20190110
2021-01-16 11:58:59 status triggers-pending ca-certificates:all 20190110
2021-01-16 11:58:59 configure ifupdown:amd64 0.8.35 <none>
2021-01-16 11:58:59 status unpacked ifupdown:amd64 0.8.35
2021-01-16 11:58:59 status half-configured ifupdown:amd64 0.8.35
2021-01-16 11:58:59 status installed ifupdown:amd64 0.8.35
2021-01-16 11:58:59 configure bsdmainutils:amd64 11.1.2+b1 <none>
2021-01-16 11:58:59 status unpacked bsdmainutils:amd64 11.1.2+b1
2021-01-16 11:58:59 status half-configured bsdmainutils:amd64 11.1.2+b1
2021-01-16 11:58:59 status installed bsdmainutils:amd64 11.1.2+b1
2021-01-16 11:58:59 configure whiptail:amd64 0.52.20-8 <none>
2021-01-16 11:58:59 status unpacked whiptail:amd64 0.52.20-8
2021-01-16 11:58:59 status half-configured whiptail:amd64 0.52.20-8
2021-01-16 11:58:59 status installed whiptail:amd64 0.52.20-8
2021-01-16 11:58:59 configure libnetfilter-conntrack3:amd64 1.0.7-1 <none>
2021-01-16 11:58:59 status unpacked libnetfilter-conntrack3:amd64 1.0.7-1
2021-01-16 11:58:59 status half-configured libnetfilter-conntrack3:amd64 1.0.7-1
2021-01-16 11:58:59 status installed libnetfilter-conntrack3:amd64 1.0.7-1
2021-01-16 11:58:59 configure iptables:amd64 1.8.2-4 <none>
2021-01-16 11:58:59 status unpacked iptables:amd64 1.8.2-4
2021-01-16 11:58:59 status half-configured iptables:amd64 1.8.2-4
2021-01-16 11:58:59 status installed iptables:amd64 1.8.2-4
2021-01-16 11:58:59 configure tasksel-data:all 3.53 <none>
2021-01-16 11:58:59 status unpacked tasksel-data:all 3.53
2021-01-16 11:58:59 status half-configured tasksel-data:all 3.53
2021-01-16 11:58:59 status installed tasksel-data:all 3.53
2021-01-16 11:58:59 configure tasksel:all 3.53 <none>
2021-01-16 11:58:59 status unpacked tasksel:all 3.53
2021-01-16 11:58:59 status half-configured tasksel:all 3.53
2021-01-16 11:58:59 status installed tasksel:all 3.53
2021-01-16 11:58:59 trigproc libc-bin:amd64 2.28-10 <none>
2021-01-16 11:58:59 status half-configured libc-bin:amd64 2.28-10
2021-01-16 11:58:59 status installed libc-bin:amd64 2.28-10
2021-01-16 11:58:59 trigproc systemd:amd64 241-7~deb10u5 <none>
2021-01-16 11:58:59 status half-configured systemd:amd64 241-7~deb10u5
2021-01-16 11:58:59 status installed systemd:amd64 241-7~deb10u5
2021-01-16 11:58:59 trigproc ca-certificates:all 20190110 <none>
2021-01-16 11:58:59 status half-configured ca-certificates:all 20190110
2021-01-16 11:58:59 status installed ca-certificates:all 20190110
2021-01-16 17:33:12 startup archives unpack
2021-01-16 17:33:12 install libgpm2:amd64 <none> 1.20.7-5
2021-01-16 17:33:12 status triggers-pending libc-bin:amd64 2.28-10
2021-01-16 17:33:12 status half-installed libgpm2:amd64 1.20.7-5
2021-01-16 17:33:12 status unpacked libgpm2:amd64 1.20.7-5
2021-01-16 17:33:12 install vim-runtime:all <none> 2:8.1.0875-5
2021-01-16 17:33:12 status half-installed vim-runtime:all 2:8.1.0875-5
2021-01-16 17:33:13 status unpacked vim-runtime:all 2:8.1.0875-5
2021-01-16 17:33:13 install vim:amd64 <none> 2:8.1.0875-5
2021-01-16 17:33:13 status half-installed vim:amd64 2:8.1.0875-5
2021-01-16 17:33:13 status unpacked vim:amd64 2:8.1.0875-5
2021-01-16 17:33:13 startup packages configure
2021-01-16 17:33:13 configure libgpm2:amd64 1.20.7-5 <none>
2021-01-16 17:33:13 status unpacked libgpm2:amd64 1.20.7-5
2021-01-16 17:33:13 status half-configured libgpm2:amd64 1.20.7-5
2021-01-16 17:33:13 status installed libgpm2:amd64 1.20.7-5
2021-01-16 17:33:13 configure vim-runtime:all 2:8.1.0875-5 <none>
2021-01-16 17:33:13 status unpacked vim-runtime:all 2:8.1.0875-5
2021-01-16 17:33:13 status half-configured vim-runtime:all 2:8.1.0875-5
2021-01-16 17:33:13 status installed vim-runtime:all 2:8.1.0875-5
2021-01-16 17:33:13 configure vim:amd64 2:8.1.0875-5 <none>
2021-01-16 17:33:13 status unpacked vim:amd64 2:8.1.0875-5
2021-01-16 17:33:13 status half-configured vim:amd64 2:8.1.0875-5
2021-01-16 17:33:13 status installed vim:amd64 2:8.1.0875-5
2021-01-16 17:33:13 trigproc libc-bin:amd64 2.28-10 <none>
2021-01-16 17:33:13 status half-configured libc-bin:amd64 2.28-10
2021-01-16 17:33:13 status installed libc-bin:amd64 2.28-10
2021-01-16 17:35:30 startup archives unpack
2021-01-16 17:35:30 install pigz:amd64 <none> 2.4-1
2021-01-16 17:35:30 status half-installed pigz:amd64 2.4-1
2021-01-16 17:35:30 status unpacked pigz:amd64 2.4-1
2021-01-16 17:35:30 install libpython3.7-minimal:amd64 <none> 3.7.3-2+deb10u2
2021-01-16 17:35:30 status half-installed libpython3.7-minimal:amd64 3.7.3-2+deb10u2
2021-01-16 17:35:30 status unpacked libpython3.7-minimal:amd64 3.7.3-2+deb10u2
2021-01-16 17:35:30 install libexpat1:amd64 <none> 2.2.6-2+deb10u1
2021-01-16 17:35:30 status triggers-pending libc-bin:amd64 2.28-10
2021-01-16 17:35:30 status half-installed libexpat1:amd64 2.2.6-2+deb10u1
2021-01-16 17:35:30 status unpacked libexpat1:amd64 2.2.6-2+deb10u1
2021-01-16 17:35:30 install python3.7-minimal:amd64 <none> 3.7.3-2+deb10u2
2021-01-16 17:35:30 status half-installed python3.7-minimal:amd64 3.7.3-2+deb10u2
2021-01-16 17:35:31 status unpacked python3.7-minimal:amd64 3.7.3-2+deb10u2
2021-01-16 17:35:31 startup packages configure
2021-01-16 17:35:31 configure libpython3.7-minimal:amd64 3.7.3-2+deb10u2 <none>
2021-01-16 17:35:31 status unpacked libpython3.7-minimal:amd64 3.7.3-2+deb10u2
2021-01-16 17:35:31 status half-configured libpython3.7-minimal:amd64 3.7.3-2+deb10u2
2021-01-16 17:35:31 status installed libpython3.7-minimal:amd64 3.7.3-2+deb10u2
2021-01-16 17:35:31 configure libexpat1:amd64 2.2.6-2+deb10u1 <none>
2021-01-16 17:35:31 status unpacked libexpat1:amd64 2.2.6-2+deb10u1
2021-01-16 17:35:31 status half-configured libexpat1:amd64 2.2.6-2+deb10u1
2021-01-16 17:35:31 status installed libexpat1:amd64 2.2.6-2+deb10u1
2021-01-16 17:35:31 configure python3.7-minimal:amd64 3.7.3-2+deb10u2 <none>
2021-01-16 17:35:31 status unpacked python3.7-minimal:amd64 3.7.3-2+deb10u2
2021-01-16 17:35:31 status half-configured python3.7-minimal:amd64 3.7.3-2+deb10u2
2021-01-16 17:35:31 status installed python3.7-minimal:amd64 3.7.3-2+deb10u2
2021-01-16 17:35:31 startup archives unpack
2021-01-16 17:35:31 install python3-minimal:amd64 <none> 3.7.3-1
2021-01-16 17:35:31 status half-installed python3-minimal:amd64 3.7.3-1
2021-01-16 17:35:31 status unpacked python3-minimal:amd64 3.7.3-1
2021-01-16 17:35:31 install mime-support:all <none> 3.62
2021-01-16 17:35:31 status half-installed mime-support:all 3.62
2021-01-16 17:35:31 status unpacked mime-support:all 3.62
2021-01-16 17:35:31 install libmpdec2:amd64 <none> 2.4.2-2
2021-01-16 17:35:31 status half-installed libmpdec2:amd64 2.4.2-2
2021-01-16 17:35:31 status unpacked libmpdec2:amd64 2.4.2-2
2021-01-16 17:35:31 install libreadline7:amd64 <none> 7.0-5
2021-01-16 17:35:31 status half-installed libreadline7:amd64 7.0-5
2021-01-16 17:35:31 status unpacked libreadline7:amd64 7.0-5
2021-01-16 17:35:31 install libsqlite3-0:amd64 <none> 3.27.2-3+deb10u1
2021-01-16 17:35:31 status half-installed libsqlite3-0:amd64 3.27.2-3+deb10u1
2021-01-16 17:35:31 status unpacked libsqlite3-0:amd64 3.27.2-3+deb10u1
2021-01-16 17:35:31 install libpython3.7-stdlib:amd64 <none> 3.7.3-2+deb10u2
2021-01-16 17:35:31 status half-installed libpython3.7-stdlib:amd64 3.7.3-2+deb10u2
2021-01-16 17:35:32 status unpacked libpython3.7-stdlib:amd64 3.7.3-2+deb10u2
2021-01-16 17:35:32 install python3.7:amd64 <none> 3.7.3-2+deb10u2
2021-01-16 17:35:32 status half-installed python3.7:amd64 3.7.3-2+deb10u2
2021-01-16 17:35:32 status unpacked python3.7:amd64 3.7.3-2+deb10u2
2021-01-16 17:35:32 install libpython3-stdlib:amd64 <none> 3.7.3-1
2021-01-16 17:35:32 status half-installed libpython3-stdlib:amd64 3.7.3-1
2021-01-16 17:35:32 status unpacked libpython3-stdlib:amd64 3.7.3-1
2021-01-16 17:35:32 startup packages configure
2021-01-16 17:35:32 configure python3-minimal:amd64 3.7.3-1 <none>
2021-01-16 17:35:32 status unpacked python3-minimal:amd64 3.7.3-1
2021-01-16 17:35:32 status half-configured python3-minimal:amd64 3.7.3-1
2021-01-16 17:35:32 status installed python3-minimal:amd64 3.7.3-1
2021-01-16 17:35:32 startup archives unpack
2021-01-16 17:35:32 install python3:amd64 <none> 3.7.3-1
2021-01-16 17:35:32 status half-installed python3:amd64 3.7.3-1
2021-01-16 17:35:32 status unpacked python3:amd64 3.7.3-1
2021-01-16 17:35:32 install bzip2:amd64 <none> 1.0.6-9.2~deb10u1
2021-01-16 17:35:32 status half-installed bzip2:amd64 1.0.6-9.2~deb10u1
2021-01-16 17:35:32 status unpacked bzip2:amd64 1.0.6-9.2~deb10u1
2021-01-16 17:35:32 install libmagic-mgc:amd64 <none> 1:5.35-4+deb10u1
2021-01-16 17:35:32 status half-installed libmagic-mgc:amd64 1:5.35-4+deb10u1
2021-01-16 17:35:32 status unpacked libmagic-mgc:amd64 1:5.35-4+deb10u1
2021-01-16 17:35:32 install libmagic1:amd64 <none> 1:5.35-4+deb10u1
2021-01-16 17:35:32 status half-installed libmagic1:amd64 1:5.35-4+deb10u1
2021-01-16 17:35:32 status unpacked libmagic1:amd64 1:5.35-4+deb10u1
2021-01-16 17:35:32 install file:amd64 <none> 1:5.35-4+deb10u1
2021-01-16 17:35:32 status half-installed file:amd64 1:5.35-4+deb10u1
2021-01-16 17:35:32 status unpacked file:amd64 1:5.35-4+deb10u1
2021-01-16 17:35:32 install xz-utils:amd64 <none> 5.2.4-1
2021-01-16 17:35:32 status half-installed xz-utils:amd64 5.2.4-1
2021-01-16 17:35:32 status unpacked xz-utils:amd64 5.2.4-1
2021-01-16 17:35:32 install apparmor:amd64 <none> 2.13.2-10
2021-01-16 17:35:32 status half-installed apparmor:amd64 2.13.2-10
2021-01-16 17:35:32 status triggers-pending systemd:amd64 241-7~deb10u5
2021-01-16 17:35:32 status unpacked apparmor:amd64 2.13.2-10
2021-01-16 17:35:32 install busybox:amd64 <none> 1:1.30.1-4
2021-01-16 17:35:32 status half-installed busybox:amd64 1:1.30.1-4
2021-01-16 17:35:32 status unpacked busybox:amd64 1:1.30.1-4
2021-01-16 17:35:32 install firmware-linux-free:all <none> 3.4
2021-01-16 17:35:32 status half-installed firmware-linux-free:all 3.4
2021-01-16 17:35:32 status unpacked firmware-linux-free:all 3.4
2021-01-16 17:35:32 install libklibc:amd64 <none> 2.0.6-1
2021-01-16 17:35:32 status half-installed libklibc:amd64 2.0.6-1
2021-01-16 17:35:32 status unpacked libklibc:amd64 2.0.6-1
2021-01-16 17:35:32 install klibc-utils:amd64 <none> 2.0.6-1
2021-01-16 17:35:32 status half-installed klibc-utils:amd64 2.0.6-1
2021-01-16 17:35:32 status unpacked klibc-utils:amd64 2.0.6-1
2021-01-16 17:35:32 install initramfs-tools-core:all <none> 0.133+deb10u1
2021-01-16 17:35:32 status half-installed initramfs-tools-core:all 0.133+deb10u1
2021-01-16 17:35:32 status unpacked initramfs-tools-core:all 0.133+deb10u1
2021-01-16 17:35:32 install linux-base:all <none> 4.6
2021-01-16 17:35:32 status half-installed linux-base:all 4.6
2021-01-16 17:35:32 status unpacked linux-base:all 4.6
2021-01-16 17:35:32 install initramfs-tools:all <none> 0.133+deb10u1
2021-01-16 17:35:32 status half-installed initramfs-tools:all 0.133+deb10u1
2021-01-16 17:35:32 status unpacked initramfs-tools:all 0.133+deb10u1
2021-01-16 17:35:33 install linux-image-4.19.0-13-amd64:amd64 <none> 4.19.160-2
2021-01-16 17:35:33 status half-installed linux-image-4.19.0-13-amd64:amd64 4.19.160-2
2021-01-16 17:35:38 status unpacked linux-image-4.19.0-13-amd64:amd64 4.19.160-2
2021-01-16 17:35:38 startup packages configure
2021-01-16 17:35:38 configure linux-base:all 4.6 <none>
2021-01-16 17:35:38 status unpacked linux-base:all 4.6
2021-01-16 17:35:38 status half-configured linux-base:all 4.6
2021-01-16 17:35:39 status installed linux-base:all 4.6
2021-01-16 17:35:39 configure mime-support:all 3.62 <none>
2021-01-16 17:35:39 status unpacked mime-support:all 3.62
2021-01-16 17:35:39 status half-configured mime-support:all 3.62
2021-01-16 17:35:39 status installed mime-support:all 3.62
2021-01-16 17:35:39 configure firmware-linux-free:all 3.4 <none>
2021-01-16 17:35:39 status unpacked firmware-linux-free:all 3.4
2021-01-16 17:35:39 status half-configured firmware-linux-free:all 3.4
2021-01-16 17:35:39 status installed firmware-linux-free:all 3.4
2021-01-16 17:35:39 configure libmagic-mgc:amd64 1:5.35-4+deb10u1 <none>
2021-01-16 17:35:39 status unpacked libmagic-mgc:amd64 1:5.35-4+deb10u1
2021-01-16 17:35:39 status half-configured libmagic-mgc:amd64 1:5.35-4+deb10u1
2021-01-16 17:35:39 status installed libmagic-mgc:amd64 1:5.35-4+deb10u1
2021-01-16 17:35:39 configure libsqlite3-0:amd64 3.27.2-3+deb10u1 <none>
2021-01-16 17:35:39 status unpacked libsqlite3-0:amd64 3.27.2-3+deb10u1
2021-01-16 17:35:39 status half-configured libsqlite3-0:amd64 3.27.2-3+deb10u1
2021-01-16 17:35:39 status installed libsqlite3-0:amd64 3.27.2-3+deb10u1
2021-01-16 17:35:39 configure libmagic1:amd64 1:5.35-4+deb10u1 <none>
2021-01-16 17:35:39 status unpacked libmagic1:amd64 1:5.35-4+deb10u1
2021-01-16 17:35:39 status half-configured libmagic1:amd64 1:5.35-4+deb10u1
2021-01-16 17:35:39 status installed libmagic1:amd64 1:5.35-4+deb10u1
2021-01-16 17:35:39 configure file:amd64 1:5.35-4+deb10u1 <none>
2021-01-16 17:35:39 status unpacked file:amd64 1:5.35-4+deb10u1
2021-01-16 17:35:39 status half-configured file:amd64 1:5.35-4+deb10u1
2021-01-16 17:35:39 status installed file:amd64 1:5.35-4+deb10u1
2021-01-16 17:35:39 configure bzip2:amd64 1.0.6-9.2~deb10u1 <none>
2021-01-16 17:35:39 status unpacked bzip2:amd64 1.0.6-9.2~deb10u1
2021-01-16 17:35:39 status half-configured bzip2:amd64 1.0.6-9.2~deb10u1
2021-01-16 17:35:39 status installed bzip2:amd64 1.0.6-9.2~deb10u1
2021-01-16 17:35:39 configure busybox:amd64 1:1.30.1-4 <none>
2021-01-16 17:35:39 status unpacked busybox:amd64 1:1.30.1-4
2021-01-16 17:35:39 status half-configured busybox:amd64 1:1.30.1-4
2021-01-16 17:35:39 status installed busybox:amd64 1:1.30.1-4
2021-01-16 17:35:39 configure libklibc:amd64 2.0.6-1 <none>
2021-01-16 17:35:39 status unpacked libklibc:amd64 2.0.6-1
2021-01-16 17:35:39 status half-configured libklibc:amd64 2.0.6-1
2021-01-16 17:35:39 status installed libklibc:amd64 2.0.6-1
2021-01-16 17:35:39 configure xz-utils:amd64 5.2.4-1 <none>
2021-01-16 17:35:39 status unpacked xz-utils:amd64 5.2.4-1
2021-01-16 17:35:39 status half-configured xz-utils:amd64 5.2.4-1
2021-01-16 17:35:39 status installed xz-utils:amd64 5.2.4-1
2021-01-16 17:35:39 configure pigz:amd64 2.4-1 <none>
2021-01-16 17:35:39 status unpacked pigz:amd64 2.4-1
2021-01-16 17:35:39 status half-configured pigz:amd64 2.4-1
2021-01-16 17:35:39 status installed pigz:amd64 2.4-1
2021-01-16 17:35:39 configure libmpdec2:amd64 2.4.2-2 <none>
2021-01-16 17:35:39 status unpacked libmpdec2:amd64 2.4.2-2
2021-01-16 17:35:39 status half-configured libmpdec2:amd64 2.4.2-2
2021-01-16 17:35:39 status installed libmpdec2:amd64 2.4.2-2
2021-01-16 17:35:39 configure klibc-utils:amd64 2.0.6-1 <none>
2021-01-16 17:35:39 status unpacked klibc-utils:amd64 2.0.6-1
2021-01-16 17:35:39 status half-configured klibc-utils:amd64 2.0.6-1
2021-01-16 17:35:39 status installed klibc-utils:amd64 2.0.6-1
2021-01-16 17:35:39 configure libreadline7:amd64 7.0-5 <none>
2021-01-16 17:35:39 status unpacked libreadline7:amd64 7.0-5
2021-01-16 17:35:39 status half-configured libreadline7:amd64 7.0-5
2021-01-16 17:35:39 status installed libreadline7:amd64 7.0-5
2021-01-16 17:35:39 configure libpython3.7-stdlib:amd64 3.7.3-2+deb10u2 <none>
2021-01-16 17:35:39 status unpacked libpython3.7-stdlib:amd64 3.7.3-2+deb10u2
2021-01-16 17:35:39 status half-configured libpython3.7-stdlib:amd64 3.7.3-2+deb10u2
2021-01-16 17:35:39 status installed libpython3.7-stdlib:amd64 3.7.3-2+deb10u2
2021-01-16 17:35:39 configure initramfs-tools-core:all 0.133+deb10u1 <none>
2021-01-16 17:35:39 status unpacked initramfs-tools-core:all 0.133+deb10u1
2021-01-16 17:35:39 status half-configured initramfs-tools-core:all 0.133+deb10u1
2021-01-16 17:35:39 status installed initramfs-tools-core:all 0.133+deb10u1
2021-01-16 17:35:39 configure libpython3-stdlib:amd64 3.7.3-1 <none>
2021-01-16 17:35:39 status unpacked libpython3-stdlib:amd64 3.7.3-1
2021-01-16 17:35:39 status half-configured libpython3-stdlib:amd64 3.7.3-1
2021-01-16 17:35:39 status installed libpython3-stdlib:amd64 3.7.3-1
2021-01-16 17:35:39 configure python3.7:amd64 3.7.3-2+deb10u2 <none>
2021-01-16 17:35:39 status unpacked python3.7:amd64 3.7.3-2+deb10u2
2021-01-16 17:35:39 status half-configured python3.7:amd64 3.7.3-2+deb10u2
2021-01-16 17:35:40 status installed python3.7:amd64 3.7.3-2+deb10u2
2021-01-16 17:35:40 configure initramfs-tools:all 0.133+deb10u1 <none>
2021-01-16 17:35:40 status unpacked initramfs-tools:all 0.133+deb10u1
2021-01-16 17:35:40 status half-configured initramfs-tools:all 0.133+deb10u1
2021-01-16 17:35:40 status installed initramfs-tools:all 0.133+deb10u1
2021-01-16 17:35:40 status triggers-pending initramfs-tools:all 0.133+deb10u1
2021-01-16 17:35:40 configure python3:amd64 3.7.3-1 <none>
2021-01-16 17:35:40 status unpacked python3:amd64 3.7.3-1
2021-01-16 17:35:40 status half-configured python3:amd64 3.7.3-1
2021-01-16 17:35:40 status installed python3:amd64 3.7.3-1
2021-01-16 17:35:40 configure apparmor:amd64 2.13.2-10 <none>
2021-01-16 17:35:40 status unpacked apparmor:amd64 2.13.2-10
2021-01-16 17:35:40 status half-configured apparmor:amd64 2.13.2-10
2021-01-16 17:35:40 status installed apparmor:amd64 2.13.2-10
2021-01-16 17:35:40 configure linux-image-4.19.0-13-amd64:amd64 4.19.160-2 <none>
2021-01-16 17:35:40 status unpacked linux-image-4.19.0-13-amd64:amd64 4.19.160-2
2021-01-16 17:35:40 status half-configured linux-image-4.19.0-13-amd64:amd64 4.19.160-2
2021-01-16 17:35:51 status installed linux-image-4.19.0-13-amd64:amd64 4.19.160-2
2021-01-16 17:35:51 trigproc systemd:amd64 241-7~deb10u5 <none>
2021-01-16 17:35:51 status half-configured systemd:amd64 241-7~deb10u5
2021-01-16 17:35:51 status installed systemd:amd64 241-7~deb10u5
2021-01-16 17:35:51 trigproc libc-bin:amd64 2.28-10 <none>
2021-01-16 17:35:51 status half-configured libc-bin:amd64 2.28-10
2021-01-16 17:35:51 status installed libc-bin:amd64 2.28-10
2021-01-16 17:35:51 trigproc initramfs-tools:all 0.133+deb10u1 <none>
2021-01-16 17:35:51 status half-configured initramfs-tools:all 0.133+deb10u1
2021-01-16 17:35:59 status installed initramfs-tools:all 0.133+deb10u1
2021-01-16 17:36:06 startup archives unpack
2021-01-16 17:36:06 install gettext-base:amd64 <none> 0.19.8.1-9
2021-01-16 17:36:06 status triggers-pending libc-bin:amd64 2.28-10
2021-01-16 17:36:06 status half-installed gettext-base:amd64 0.19.8.1-9
2021-01-16 17:36:06 status unpacked gettext-base:amd64 0.19.8.1-9
2021-01-16 17:36:06 install ucf:all <none> 3.0038+nmu1
2021-01-16 17:36:06 status half-installed ucf:all 3.0038+nmu1
2021-01-16 17:36:06 status unpacked ucf:all 3.0038+nmu1
2021-01-16 17:36:06 install libefivar1:amd64 <none> 37-2+deb10u1
2021-01-16 17:36:06 status half-installed libefivar1:amd64 37-2+deb10u1
2021-01-16 17:36:06 status unpacked libefivar1:amd64 37-2+deb10u1
2021-01-16 17:36:06 install libefiboot1:amd64 <none> 37-2+deb10u1
2021-01-16 17:36:06 status half-installed libefiboot1:amd64 37-2+deb10u1
2021-01-16 17:36:06 status unpacked libefiboot1:amd64 37-2+deb10u1
2021-01-16 17:36:06 install libpng16-16:amd64 <none> 1.6.36-6
2021-01-16 17:36:06 status half-installed libpng16-16:amd64 1.6.36-6
2021-01-16 17:36:06 status unpacked libpng16-16:amd64 1.6.36-6
2021-01-16 17:36:06 install libfreetype6:amd64 <none> 2.9.1-3+deb10u2
2021-01-16 17:36:06 status half-installed libfreetype6:amd64 2.9.1-3+deb10u2
2021-01-16 17:36:06 status unpacked libfreetype6:amd64 2.9.1-3+deb10u2
2021-01-16 17:36:06 install libfuse2:amd64 <none> 2.9.9-1+deb10u1
2021-01-16 17:36:06 status half-installed libfuse2:amd64 2.9.9-1+deb10u1
2021-01-16 17:36:06 status unpacked libfuse2:amd64 2.9.9-1+deb10u1
2021-01-16 17:36:06 install grub-common:amd64 <none> 2.02+dfsg1-20+deb10u2
2021-01-16 17:36:06 status half-installed grub-common:amd64 2.02+dfsg1-20+deb10u2
2021-01-16 17:36:07 status unpacked grub-common:amd64 2.02+dfsg1-20+deb10u2
2021-01-16 17:36:07 install grub2-common:amd64 <none> 2.02+dfsg1-20+deb10u2
2021-01-16 17:36:07 status half-installed grub2-common:amd64 2.02+dfsg1-20+deb10u2
2021-01-16 17:36:07 status unpacked grub2-common:amd64 2.02+dfsg1-20+deb10u2
2021-01-16 17:36:07 install grub-pc-bin:amd64 <none> 2.02+dfsg1-20+deb10u2
2021-01-16 17:36:07 status half-installed grub-pc-bin:amd64 2.02+dfsg1-20+deb10u2
2021-01-16 17:36:07 status unpacked grub-pc-bin:amd64 2.02+dfsg1-20+deb10u2
2021-01-16 17:36:07 install grub-pc:amd64 <none> 2.02+dfsg1-20+deb10u2
2021-01-16 17:36:07 status half-installed grub-pc:amd64 2.02+dfsg1-20+deb10u2
2021-01-16 17:36:07 status unpacked grub-pc:amd64 2.02+dfsg1-20+deb10u2
2021-01-16 17:36:07 install grub2:amd64 <none> 2.02+dfsg1-20+deb10u2
2021-01-16 17:36:07 status half-installed grub2:amd64 2.02+dfsg1-20+deb10u2
2021-01-16 17:36:07 status unpacked grub2:amd64 2.02+dfsg1-20+deb10u2
2021-01-16 17:36:07 install os-prober:amd64 <none> 1.77
2021-01-16 17:36:07 status half-installed os-prober:amd64 1.77
2021-01-16 17:36:07 status unpacked os-prober:amd64 1.77
2021-01-16 17:36:07 startup packages configure
2021-01-16 17:36:07 configure gettext-base:amd64 0.19.8.1-9 <none>
2021-01-16 17:36:07 status unpacked gettext-base:amd64 0.19.8.1-9
2021-01-16 17:36:07 status half-configured gettext-base:amd64 0.19.8.1-9
2021-01-16 17:36:07 status installed gettext-base:amd64 0.19.8.1-9
2021-01-16 17:36:07 configure libfuse2:amd64 2.9.9-1+deb10u1 <none>
2021-01-16 17:36:07 status unpacked libfuse2:amd64 2.9.9-1+deb10u1
2021-01-16 17:36:07 status half-configured libfuse2:amd64 2.9.9-1+deb10u1
2021-01-16 17:36:07 status installed libfuse2:amd64 2.9.9-1+deb10u1
2021-01-16 17:36:07 configure libpng16-16:amd64 1.6.36-6 <none>
2021-01-16 17:36:07 status unpacked libpng16-16:amd64 1.6.36-6
2021-01-16 17:36:07 status half-configured libpng16-16:amd64 1.6.36-6
2021-01-16 17:36:07 status installed libpng16-16:amd64 1.6.36-6
2021-01-16 17:36:07 configure ucf:all 3.0038+nmu1 <none>
2021-01-16 17:36:07 status unpacked ucf:all 3.0038+nmu1
2021-01-16 17:36:07 status half-configured ucf:all 3.0038+nmu1
2021-01-16 17:36:07 status installed ucf:all 3.0038+nmu1
2021-01-16 17:36:07 configure libefivar1:amd64 37-2+deb10u1 <none>
2021-01-16 17:36:07 status unpacked libefivar1:amd64 37-2+deb10u1
2021-01-16 17:36:07 status half-configured libefivar1:amd64 37-2+deb10u1
2021-01-16 17:36:07 status installed libefivar1:amd64 37-2+deb10u1
2021-01-16 17:36:07 configure libefiboot1:amd64 37-2+deb10u1 <none>
2021-01-16 17:36:07 status unpacked libefiboot1:amd64 37-2+deb10u1
2021-01-16 17:36:07 status half-configured libefiboot1:amd64 37-2+deb10u1
2021-01-16 17:36:07 status installed libefiboot1:amd64 37-2+deb10u1
2021-01-16 17:36:07 configure libfreetype6:amd64 2.9.1-3+deb10u2 <none>
2021-01-16 17:36:07 status unpacked libfreetype6:amd64 2.9.1-3+deb10u2
2021-01-16 17:36:07 status half-configured libfreetype6:amd64 2.9.1-3+deb10u2
2021-01-16 17:36:07 status installed libfreetype6:amd64 2.9.1-3+deb10u2
2021-01-16 17:36:07 configure grub-common:amd64 2.02+dfsg1-20+deb10u2 <none>
2021-01-16 17:36:07 status unpacked grub-common:amd64 2.02+dfsg1-20+deb10u2
2021-01-16 17:36:07 status half-configured grub-common:amd64 2.02+dfsg1-20+deb10u2
2021-01-16 17:36:07 status installed grub-common:amd64 2.02+dfsg1-20+deb10u2
2021-01-16 17:36:07 configure os-prober:amd64 1.77 <none>
2021-01-16 17:36:07 status unpacked os-prober:amd64 1.77
2021-01-16 17:36:07 status half-configured os-prober:amd64 1.77
2021-01-16 17:36:07 status installed os-prober:amd64 1.77
2021-01-16 17:36:07 configure grub2-common:amd64 2.02+dfsg1-20+deb10u2 <none>
2021-01-16 17:36:07 status unpacked grub2-common:amd64 2.02+dfsg1-20+deb10u2
2021-01-16 17:36:07 status half-configured grub2-common:amd64 2.02+dfsg1-20+deb10u2
2021-01-16 17:36:07 status installed grub2-common:amd64 2.02+dfsg1-20+deb10u2
2021-01-16 17:36:07 configure grub-pc-bin:amd64 2.02+dfsg1-20+deb10u2 <none>
2021-01-16 17:36:07 status unpacked grub-pc-bin:amd64 2.02+dfsg1-20+deb10u2
2021-01-16 17:36:07 status half-configured grub-pc-bin:amd64 2.02+dfsg1-20+deb10u2
2021-01-16 17:36:07 status installed grub-pc-bin:amd64 2.02+dfsg1-20+deb10u2
2021-01-16 17:36:07 configure grub-pc:amd64 2.02+dfsg1-20+deb10u2 <none>
2021-01-16 17:36:07 status unpacked grub-pc:amd64 2.02+dfsg1-20+deb10u2
2021-01-16 17:36:07 status half-configured grub-pc:amd64 2.02+dfsg1-20+deb10u2
2021-01-16 17:36:17 status installed grub-pc:amd64 2.02+dfsg1-20+deb10u2
2021-01-16 17:36:17 configure grub2:amd64 2.02+dfsg1-20+deb10u2 <none>
2021-01-16 17:36:17 status unpacked grub2:amd64 2.02+dfsg1-20+deb10u2
2021-01-16 17:36:17 status half-configured grub2:amd64 2.02+dfsg1-20+deb10u2
2021-01-16 17:36:17 status installed grub2:amd64 2.02+dfsg1-20+deb10u2
2021-01-16 17:36:17 trigproc libc-bin:amd64 2.28-10 <none>
2021-01-16 17:36:17 status half-configured libc-bin:amd64 2.28-10
2021-01-16 17:36:17 status installed libc-bin:amd64 2.28-10
2021-01-16 17:36:55 startup archives unpack
2021-01-16 17:36:55 install libc-l10n:all <none> 2.28-10
2021-01-16 17:36:55 status half-installed libc-l10n:all 2.28-10
2021-01-16 17:36:55 status unpacked libc-l10n:all 2.28-10
2021-01-16 17:36:55 install locales:all <none> 2.28-10
2021-01-16 17:36:55 status half-installed locales:all 2.28-10
2021-01-16 17:36:55 status unpacked locales:all 2.28-10
2021-01-16 17:36:55 startup packages configure
2021-01-16 17:36:55 configure libc-l10n:all 2.28-10 <none>
2021-01-16 17:36:55 status unpacked libc-l10n:all 2.28-10
2021-01-16 17:36:55 status half-configured libc-l10n:all 2.28-10
2021-01-16 17:36:55 status installed libc-l10n:all 2.28-10
2021-01-16 17:36:55 configure locales:all 2.28-10 <none>
2021-01-16 17:36:55 status unpacked locales:all 2.28-10
2021-01-16 17:36:55 status half-configured locales:all 2.28-10
2021-01-16 17:36:56 status installed locales:all 2.28-10
